2021-04-28 22:38:53.451     17) [User] window created: remote-page.kvie
2021-04-28 22:41:23.079     21) [User] window destroyed: remote-page.kvie, wasClosed: true
2021-04-28 22:41:25.285     25) [User] window created: remote-page.kvie
2021-04-28 22:41:26.399     26) [User] window created: mv/pop.kvie
2021-04-28 22:41:29.262     27) [User] window destroyed: mv/pop.kvie, wasClosed: true
2021-04-28 22:44:41.878     30) [User] window destroyed: remote-page.kvie, wasClosed: true
2021-04-28 22:44:45.299     33) [User] window created: remote-page.kvie
2021-04-28 22:44:53.838     34) [User] window destroyed: remote-page.kvie, wasClosed: true
2021-04-28 22:45:52.380     37) [User] window created: remote-page.kvie
2021-04-28 22:45:57.158     38) [User] window destroyed: remote-page.kvie, wasClosed: true
2021-04-28 22:49:31.766     41) [User] window created: remote-page.kvie
2021-04-28 22:49:40.680     42) [User] index has changed from 0 to 1
2021-04-28 22:49:43.089     43) [User] index has changed from 1 to 0
2021-04-28 22:49:48.120     44) [User] index has changed from 0 to 1
2021-04-28 22:49:52.822     45) [User] index has changed from 1 to 2
2021-04-28 22:50:00.040     46) [User] index has changed from 2 to 3
2021-04-28 22:50:01.898     47) [User] index has changed from 3 to 4
2021-04-28 22:50:04.196     48) [User] index has changed from 4 to 3
2021-04-28 22:50:05.291     49) [User] index has changed from 3 to 2
2021-04-28 22:50:06.386     50) [User] index has changed from 2 to 1
2021-04-28 22:50:11.071     51) [User] window created: mv/pop.kvie
2021-04-28 22:50:14.953     52) [User] window destroyed: mv/pop.kvie, wasClosed: true
2021-04-28 22:54:46.553     56) [User] window destroyed: remote-page.kvie, wasClosed: true
2021-04-28 22:54:51.113     60) [User] window created: remote-page.kvie
2021-04-28 22:54:59.262     61) [User] window destroyed: remote-page.kvie, wasClosed: true
2021-04-28 22:55:00.410     63) [User] window created: remote-page.kvie
2021-04-28 22:55:02.984     64) [User] window destroyed: remote-page.kvie, wasClosed: true
2021-04-28 22:55:35.989     66) [User] window created: remote-page.kvie
2021-04-28 22:56:48.860     72) [User] window destroyed: remote-page.kvie, wasClosed: true
2021-04-28 22:56:50.417     74) [User] window created: remote-page.kvie
2021-04-28 22:56:54.977     75) [User] window destroyed: remote-page.kvie, wasClosed: true
2021-04-28 22:56:56.070     77) [User] window created: remote-page.kvie
2021-04-28 22:56:57.912     78) [User] window destroyed: remote-page.kvie, wasClosed: true
2021-04-28 22:56:58.798     80) [User] window created: remote-page.kvie
2021-04-28 22:57:23.383     83) [User] window destroyed: remote-page.kvie, wasClosed: true
2021-04-28 22:57:24.515     85) [User] window created: remote-page.kvie
2021-04-28 22:57:28.809     86) [User] window destroyed: remote-page.kvie, wasClosed: true
2021-04-28 22:58:44.339     88) [User] window created: remote-page.kvie
2021-04-28 22:59:35.323     95) [User] window destroyed: remote-page.kvie, wasClosed: true
2021-04-28 22:59:38.502     97) [User] window created: remote-page.kvie
2021-04-28 23:00:33.724    102) [User] window destroyed: remote-page.kvie, wasClosed: true
2021-04-28 23:00:34.981    104) [User] window created: remote-page.kvie
2021-04-28 23:15:02.589    107) [User] window destroyed: remote-page.kvie, wasClosed: true
2021-04-28 23:15:50.527      4) [User] window created: remote-page.kvie
2021-04-28 23:15:55.792      5) [User] window destroyed: remote-page.kvie, wasClosed: false
2021-04-28 23:16:32.016      4) [User] window created: remote-page.kvie
2021-04-28 23:16:37.167      5) [User] window destroyed: remote-page.kvie, wasClosed: false
2021-04-28 23:17:31.418      4) [User] window created: remote-page.kvie
2021-04-28 23:17:38.433      5) [User] window destroyed: remote-page.kvie, wasClosed: false
2021-04-28 23:23:18.636      4) [User] window created: remote-page.kvie
2021-04-28 23:23:25.103      5) [User] window destroyed: remote-page.kvie, wasClosed: false
2021-04-28 23:27:18.972      4) [User] window created: remote-page.kvie
2021-04-28 23:27:24.121      5) [User] window destroyed: remote-page.kvie, wasClosed: false
2021-04-28 23:28:04.227      4) [User] window created: remote-page.kvie
2021-04-28 23:29:03.534      5) [User] window destroyed: remote-page.kvie, wasClosed: true
2021-04-28 23:30:15.135     10) [User] window created: remote-page.kvie
2021-04-28 23:30:23.137     11) [User] window destroyed: remote-page.kvie, wasClosed: false
2021-04-28 23:31:42.584      4) [User] window created: remote-page.kvie
2021-04-28 23:31:51.012      5) [User] window destroyed: remote-page.kvie, wasClosed: false
2021-04-28 23:33:09.258      4) [User] window created: remote-page.kvie
2021-04-28 23:33:12.950      5) [User] window destroyed: remote-page.kvie, wasClosed: true
2021-04-28 23:36:55.828      4) [User] window created: remote-page.kvie
2021-04-28 23:37:04.700      5) [User] window destroyed: remote-page.kvie, wasClosed: false
2021-04-29 08:09:55.919      4) [User] window created: remote-page.kvie
2021-04-29 08:10:06.158      5) [User] window destroyed: remote-page.kvie, wasClosed: true
2021-04-29 08:10:32.515      4) [User] window created: remote-page.kvie
2021-04-29 08:10:37.734      5) [User] window destroyed: remote-page.kvie, wasClosed: false
2021-04-29 08:12:36.368      4) [User] window created: remote-page.kvie
2021-04-29 08:15:27.587      5) [User] window destroyed: remote-page.kvie, wasClosed: true
2021-04-29 08:18:42.256      7) [User] window created: remote-page.kvie
2021-04-29 08:21:04.555     10) [User] window destroyed: remote-page.kvie, wasClosed: false
2021-04-29 08:27:11.267      4) [User] window created: remote-page.kvie
2021-04-29 08:28:39.931      7) [User] index has changed from 0 to 1
2021-04-29 08:28:40.701      8) [User] index has changed from 1 to 0
2021-04-29 08:28:41.903      9) [User] index has changed from 0 to 1
2021-04-29 08:28:42.888     10) [User] index has changed from 1 to 0
2021-04-29 08:28:43.654     11) [User] index has changed from 0 to 1
2021-04-29 08:28:44.311     12) [User] index has changed from 1 to 0
2021-04-29 08:28:46.499     13) [User] index has changed from 0 to 1
2021-04-29 08:28:47.153     14) [User] index has changed from 1 to 0
2021-04-29 08:59:40.764     16) [User] window destroyed: remote-page.kvie, wasClosed: true
2021-04-29 16:47:58.613      4) [User] window created: remote-page.kvie
2021-04-29 17:20:51.750      7) [User] window destroyed: remote-page.kvie, wasClosed: true
2021-04-29 17:22:36.067      9) [User] window created: remote-page.kvie
2021-04-29 17:23:10.992     12) [User] window destroyed: remote-page.kvie, wasClosed: true
2021-04-29 17:23:55.161     14) [User] window created: remote-page.kvie
2021-04-29 17:24:09.277     15) [User] window destroyed: remote-page.kvie, wasClosed: false
2021-04-29 17:24:40.852      4) [User] window created: remote-page.kvie
2021-04-29 17:25:08.806      6) [User] window destroyed: remote-page.kvie, wasClosed: true
2021-04-29 17:25:14.747      8) [User] window created: remote-page.kvie
2021-04-29 17:25:18.717      9) [User] window destroyed: remote-page.kvie, wasClosed: true
2021-04-29 17:25:57.377     11) [User] window created: remote-page.kvie
2021-04-29 17:26:05.111     12) [User] window destroyed: remote-page.kvie, wasClosed: true
2021-04-29 17:26:10.284     14) [User] window created: remote-page.kvie
2021-04-29 17:26:15.435     16) [User] window destroyed: remote-page.kvie, wasClosed: true
2021-04-29 17:30:01.780     18) [User] window created: remote-page.kvie
2021-04-29 17:30:29.699     19) [User] index has changed from 0 to 1
2021-04-29 17:30:30.469     20) [User] index has changed from 1 to 2
2021-04-29 17:30:31.229     21) [User] index has changed from 2 to 1
2021-04-29 17:30:31.670     22) [User] index has changed from 1 to 0
2021-04-29 17:30:33.092     23) [User] index has changed from 0 to 1
2021-04-29 17:30:33.310     24) [User] index has changed from 1 to 2
2021-04-29 17:30:33.423     25) [User] index has changed from 2 to 3
2021-04-29 17:30:35.388     26) [User] index has changed from 3 to 4
2021-04-29 17:30:35.497     27) [User] index has changed from 4 to 5
2021-04-29 17:30:35.718     28) [User] index has changed from 5 to 6
2021-04-29 17:30:35.827     29) [User] index has changed from 6 to 7
2021-04-29 17:30:36.048     30) [User] index has changed from 7 to 8
2021-04-29 17:30:36.155     31) [User] index has changed from 8 to 9
2021-04-29 17:30:36.265     32) [User] index has changed from 9 to 10
2021-04-29 17:30:36.481     33) [User] index has changed from 10 to 11
2021-04-29 17:30:36.592     34) [User] index has changed from 11 to 12
2021-04-29 17:30:36.700     35) [User] index has changed from 12 to 13
2021-04-29 17:30:36.923     36) [User] index has changed from 13 to 14
2021-04-29 17:30:37.030     37) [User] index has changed from 14 to 15
2021-04-29 17:31:00.726     38) [User] window destroyed: remote-page.kvie, wasClosed: true
2021-04-29 17:37:28.559     42) [User] window created: remote-page.kvie
2021-04-29 17:37:31.563     43) [User] window created: mv/pop.kvie
2021-04-29 17:37:40.920     44) [User] window destroyed: mv/pop.kvie, wasClosed: false
2021-04-29 17:37:40.921     45) [User] window destroyed: remote-page.kvie, wasClosed: true
2021-04-29 17:39:23.061     48) [User] window created: remote-page.kvie
2021-04-29 17:39:29.402     49) [User] window destroyed: remote-page.kvie, wasClosed: true
2021-04-29 17:39:56.214     51) [User] window created: remote-page.kvie
2021-04-29 17:40:02.329     52) [User] window destroyed: remote-page.kvie, wasClosed: true
2021-04-29 17:40:32.299     54) [User] window created: remote-page.kvie
2021-04-29 17:40:39.186     55) [User] window destroyed: remote-page.kvie, wasClosed: true
2021-04-29 17:41:56.442     57) [User] window created: remote-page.kvie
2021-04-29 17:42:11.423     58) [User] window destroyed: remote-page.kvie, wasClosed: true
2021-04-29 17:43:13.167     60) [User] window created: remote-page.kvie
2021-04-29 17:43:19.515     61) [User] window destroyed: remote-page.kvie, wasClosed: true
2021-04-29 17:44:02.067     63) [User] window created: remote-page.kvie
2021-04-29 17:44:08.530     64) [User] window destroyed: remote-page.kvie, wasClosed: true
2021-04-29 17:45:34.958     66) [User] window created: remote-page.kvie
2021-04-29 17:45:41.438     67) [User] window destroyed: remote-page.kvie, wasClosed: true
2021-04-29 17:45:47.786     69) [User] window created: remote-page.kvie
2021-04-29 17:46:09.605     72) [User] window destroyed: remote-page.kvie, wasClosed: true
2021-04-29 17:46:24.922      4) [User] window created: remote-page.kvie
2021-04-29 17:46:31.700      5) [User] window destroyed: remote-page.kvie, wasClosed: true
2021-04-29 17:46:36.828      7) [User] window created: remote-page.kvie
2021-04-29 17:46:44.908      8) [User] window created: mv/pop.kvie
2021-04-29 17:46:52.060      9) [User] window destroyed: mv/pop.kvie, wasClosed: false
2021-04-29 17:46:52.061     10) [User] window destroyed: remote-page.kvie, wasClosed: true
2021-04-29 17:46:57.174     13) [User] window created: remote-page.kvie
2021-04-29 18:03:50.704     15) [User] window destroyed: remote-page.kvie, wasClosed: true
2021-04-29 18:04:30.821     17) [User] window created: remote-page.kvie
2021-04-29 18:07:45.643     19) [User] window destroyed: remote-page.kvie, wasClosed: true
2021-04-29 18:07:50.510     21) [User] window created: remote-page.kvie
2021-04-29 18:08:08.536     23) [User] window destroyed: remote-page.kvie, wasClosed: true
2021-04-29 18:17:37.444     25) [User] window created: remote-page.kvie
2021-04-29 18:17:41.961     26) [User] window destroyed: remote-page.kvie, wasClosed: true
2021-04-29 18:17:51.993     28) [User] window created: remote-page.kvie
2021-04-29 18:21:27.318     35) [User] window destroyed: remote-page.kvie, wasClosed: true
2021-04-29 18:21:29.950     37) [User] window created: remote-page.kvie
2021-04-29 18:22:21.216     39) [User] window destroyed: remote-page.kvie, wasClosed: true
2021-04-30 13:07:59.020      4) [User] window created: remote-page.kvie
2021-04-30 13:08:49.021      5) [User] window destroyed: remote-page.kvie, wasClosed: false
2021-04-30 13:09:00.842      4) [User] window created: remote-page.kvie
2021-04-30 13:09:14.428      5) [User] window destroyed: remote-page.kvie, wasClosed: true
2021-04-30 13:09:19.550      7) [User] window created: remote-page.kvie
2021-04-30 13:11:53.239      8) [User] window destroyed: remote-page.kvie, wasClosed: true
2021-04-30 13:12:13.056     10) [User] window created: remote-page.kvie
2021-04-30 13:12:38.457     11) [User] window destroyed: remote-page.kvie, wasClosed: true
2021-04-30 13:12:43.587     13) [User] window created: remote-page.kvie
2021-04-30 13:13:00.362     14) [User] window destroyed: remote-page.kvie, wasClosed: true
2021-04-30 13:13:05.465     16) [User] window created: remote-page.kvie
2021-04-30 13:13:34.886     17) [User] window destroyed: remote-page.kvie, wasClosed: true
2021-04-30 13:15:52.877      4) [User] window created: remote-page.kvie
2021-04-30 13:16:17.721      5) [User] window destroyed: remote-page.kvie, wasClosed: true
2021-04-30 13:16:22.815      7) [User] window created: remote-page.kvie
2021-04-30 13:18:40.330      8) [User] window destroyed: remote-page.kvie, wasClosed: true
2021-04-30 14:02:17.695      4) [User] window created: remote-page.kvie
2021-04-30 14:02:25.363      5) [User] window destroyed: remote-page.kvie, wasClosed: true
2021-04-30 14:02:30.473      7) [User] window created: remote-page.kvie
2021-04-30 14:02:52.392      8) [User] window destroyed: remote-page.kvie, wasClosed: true
2021-04-30 14:02:57.513     10) [User] window created: remote-page.kvie
2021-04-30 14:04:39.435     13) [User] window destroyed: remote-page.kvie, wasClosed: true
2021-04-30 14:04:41.986     15) [User] window created: remote-page.kvie
2021-04-30 14:04:49.129     16) [User] window destroyed: remote-page.kvie, wasClosed: true
2021-04-30 14:04:54.252     18) [User] window created: remote-page.kvie
2021-04-30 14:06:00.220     20) [User] window destroyed: remote-page.kvie, wasClosed: true
2021-04-30 14:06:10.959     22) [User] window created: remote-page.kvie
2021-04-30 14:06:17.548     23) [User] window destroyed: remote-page.kvie, wasClosed: true
2021-04-30 14:06:22.677     25) [User] window created: remote-page.kvie
2021-04-30 14:06:57.123     28) [User] window destroyed: remote-page.kvie, wasClosed: true
2021-04-30 14:07:02.254     30) [User] window created: remote-page.kvie
2021-04-30 14:07:35.610     31) [User] window destroyed: remote-page.kvie, wasClosed: true
2021-04-30 14:27:42.186      4) [User] window created: remote-page.kvie
2021-04-30 14:27:49.957      5) [User] window destroyed: remote-page.kvie, wasClosed: true
2021-04-30 14:27:55.055      7) [User] window created: remote-page.kvie
2021-04-30 14:27:57.419      8) [User] window destroyed: remote-page.kvie, wasClosed: true
2021-04-30 14:28:19.701      4) [User] window created: remote-page.kvie
2021-04-30 14:28:53.328      5) [User] window destroyed: remote-page.kvie, wasClosed: true
2021-04-30 14:28:58.434      7) [User] window created: remote-page.kvie
2021-04-30 14:29:05.871      8) [User] window destroyed: remote-page.kvie, wasClosed: true
2021-04-30 21:41:51.117      4) [User] window created: remote-page.kvie
2021-04-30 21:42:01.582      5) [User] window destroyed: remote-page.kvie, wasClosed: true
2021-04-30 21:42:05.396      7) [User] window created: remote-page.kvie
2021-04-30 21:43:07.146      8) [User] window created: mv/pop.kvie
2021-04-30 21:43:08.298      9) [User] window destroyed: mv/pop.kvie, wasClosed: true
2021-04-30 21:43:08.835     10) [User] window destroyed: remote-page.kvie, wasClosed: true
2021-04-30 21:49:59.692      4) [User] window created: remote-page.kvie
2021-04-30 21:50:02.393      5) [User] window destroyed: remote-page.kvie, wasClosed: true
2021-04-30 21:54:13.368      4) [User] window created: remote-page.kvie
2021-04-30 21:54:15.308      5) [User] window destroyed: remote-page.kvie, wasClosed: true
2021-04-30 21:56:17.569      4) [User] window created: remote-page.kvie
2021-04-30 21:56:26.243      5) [User] window destroyed: remote-page.kvie, wasClosed: true
2021-04-30 21:57:40.461      4) [User] window created: remote-page.kvie
2021-04-30 21:57:47.495      5) [User] window destroyed: remote-page.kvie, wasClosed: true
2021-04-30 21:58:17.135      4) [User] window created: remote-page.kvie
2021-04-30 21:58:21.785      5) [User] window destroyed: remote-page.kvie, wasClosed: true
2021-04-30 21:59:36.206      4) [User] window created: remote-page.kvie
2021-04-30 21:59:46.410      5) [User] window destroyed: remote-page.kvie, wasClosed: false
2021-04-30 22:04:24.714      4) [User] window created: remote-page.kvie
2021-04-30 22:04:39.018     13) [User] window destroyed: remote-page.kvie, wasClosed: true
2021-04-30 22:04:40.628     15) [User] window created: remote-page.kvie
2021-04-30 22:04:43.981     17) [User] window destroyed: remote-page.kvie, wasClosed: true
2021-04-30 22:04:44.599     19) [User] window created: remote-page.kvie
2021-04-30 22:05:22.930     39) [User] window destroyed: remote-page.kvie, wasClosed: false
2021-04-30 22:05:34.513      4) [User] window created: remote-page.kvie
2021-04-30 22:05:38.102      5) [User] window created: mv/pop.kvie
2021-04-30 22:05:39.543      6) [User] window destroyed: mv/pop.kvie, wasClosed: true
2021-04-30 22:05:45.908      7) [User] window destroyed: remote-page.kvie, wasClosed: true
2021-04-30 22:07:03.514      4) [User] window created: remote-page.kvie
2021-04-30 22:07:07.582      5) [User] window destroyed: remote-page.kvie, wasClosed: true
2021-04-30 22:08:10.009      4) [User] window created: remote-page.kvie
2021-04-30 22:08:15.375      5) [User] window destroyed: remote-page.kvie, wasClosed: true
2021-04-30 22:09:17.267      4) [User] window created: remote-page.kvie
2021-04-30 22:09:18.191      5) [User] window destroyed: remote-page.kvie, wasClosed: true
2021-04-30 22:10:00.964      4) [User] window created: remote-page.kvie
2021-04-30 22:10:02.158      5) [User] window destroyed: remote-page.kvie, wasClosed: true
2021-04-30 22:11:47.668      4) [User] window created: remote-page.kvie
2021-04-30 22:11:50.482      5) [User] window destroyed: remote-page.kvie, wasClosed: true
2021-04-30 22:19:21.738      4) [User] window created: remote-page.kvie
2021-04-30 22:19:35.402      5) [User] window destroyed: remote-page.kvie, wasClosed: false
2021-04-30 22:20:59.596      4) [User] window created: remote-page.kvie
2021-04-30 22:21:02.885      5) [User] window destroyed: remote-page.kvie, wasClosed: true
2021-04-30 22:22:50.162      4) [User] window created: remote-page.kvie
2021-04-30 22:22:53.799      5) [User] window destroyed: remote-page.kvie, wasClosed: true
2021-04-30 22:22:57.089      7) [User] window created: remote-page.kvie
2021-04-30 22:23:07.253      8) [User] window destroyed: remote-page.kvie, wasClosed: true
2021-04-30 22:23:40.016      4) [User] window created: remote-page.kvie
2021-04-30 22:23:44.708      5) [User] window destroyed: remote-page.kvie, wasClosed: true
2021-04-30 22:25:55.924      4) [User] window created: remote-page.kvie
2021-04-30 22:29:11.436      4) [User] window created: remote-page.kvie
2021-04-30 22:29:24.286      5) [User] window destroyed: remote-page.kvie, wasClosed: true
2021-04-30 22:32:49.506      4) [User] window created: remote-page.kvie
2021-04-30 22:32:54.972      5) [User] window destroyed: remote-page.kvie, wasClosed: true
2021-04-30 22:34:19.101      4) [User] window created: remote-page.kvie
2021-04-30 22:34:23.695      5) [User] window destroyed: remote-page.kvie, wasClosed: false
2021-04-30 22:35:44.271      4) [User] window created: remote-page.kvie
2021-04-30 22:35:49.149      5) [User] window destroyed: remote-page.kvie, wasClosed: true
2021-04-30 22:36:11.263      4) [User] window created: remote-page.kvie
2021-04-30 22:36:22.841      5) [User] window destroyed: remote-page.kvie, wasClosed: true
2021-04-30 22:36:35.248      4) [User] window created: remote-page.kvie
2021-04-30 22:36:42.811      5) [User] window destroyed: remote-page.kvie, wasClosed: false
2021-04-30 22:37:07.739      4) [User] window created: remote-page.kvie
2021-04-30 22:37:09.396      5) [User] window destroyed: remote-page.kvie, wasClosed: false
2021-04-30 22:37:22.023      5) [User] window destroyed: remote-page.kvie, wasClosed: false
2021-04-30 22:38:49.496      4) [User] window created: remote-page.kvie
2021-04-30 22:38:53.232      5) [User] window destroyed: remote-page.kvie, wasClosed: false
2021-04-30 22:40:05.804      4) [User] window created: remote-page.kvie
2021-04-30 22:40:13.778      5) [User] window destroyed: remote-page.kvie, wasClosed: false
2021-04-30 22:41:03.143      4) [User] window created: remote-page.kvie
2021-04-30 22:41:11.920      5) [User] window destroyed: remote-page.kvie, wasClosed: false
2021-04-30 22:42:31.963      4) [User] window created: remote-page.kvie
2021-04-30 22:42:44.716      5) [User] window destroyed: remote-page.kvie, wasClosed: false
2021-04-30 22:43:38.569      4) [User] window created: remote-page.kvie
2021-04-30 22:43:42.823      5) [User] window destroyed: remote-page.kvie, wasClosed: false
2021-04-30 22:46:24.189      4) [User] window created: remote-page.kvie
2021-04-30 22:46:31.301      5) [User] window destroyed: remote-page.kvie, wasClosed: false
2021-04-30 22:47:21.439      4) [User] window created: remote-page.kvie
2021-04-30 22:47:33.054      5) [User] window destroyed: remote-page.kvie, wasClosed: false
2021-04-30 22:49:08.970      4) [User] window created: remote-page.kvie
2021-04-30 22:49:13.600      5) [User] window destroyed: remote-page.kvie, wasClosed: false
2021-04-30 22:50:04.009      4) [User] window created: remote-page.kvie
2021-04-30 22:50:06.439      5) [User] window destroyed: remote-page.kvie, wasClosed: false
2021-04-30 22:56:23.457      4) [User] window created: remote-page.kvie
2021-04-30 22:56:26.904      5) [User] window destroyed: remote-page.kvie, wasClosed: false
2021-04-30 22:56:38.795      4) [User] window created: remote-page.kvie
2021-04-30 22:56:44.765      5) [User] window destroyed: remote-page.kvie, wasClosed: false
2021-04-30 22:57:55.799      4) [User] window created: remote-page.kvie
2021-04-30 22:58:01.794      5) [User] window destroyed: remote-page.kvie, wasClosed: false
2021-04-30 23:04:29.599      4) [User] window created: remote-page.kvie
2021-04-30 23:04:34.378      5) [User] window destroyed: remote-page.kvie, wasClosed: true
2021-04-30 23:04:45.580      7) [User] window created: remote-page.kvie
2021-04-30 23:05:10.073      8) [User] window destroyed: remote-page.kvie, wasClosed: false
2021-04-30 23:18:54.901      4) [User] window created: remote-page.kvie
2021-04-30 23:19:10.079      6) [User] window destroyed: remote-page.kvie, wasClosed: true
2021-04-30 23:20:46.759      4) [User] window created: remote-page.kvie
2021-04-30 23:21:06.289      5) [User] window destroyed: remote-page.kvie, wasClosed: true
2021-04-30 23:21:11.650      7) [User] window created: remote-page.kvie
2021-04-30 23:21:26.329      8) [User] window destroyed: remote-page.kvie, wasClosed: true
2021-04-30 23:28:20.414      4) [User] window created: remote-page.kvie
2021-04-30 23:28:25.923      5) [User] window destroyed: remote-page.kvie, wasClosed: true
2021-04-30 23:28:36.331      7) [User] window created: remote-page.kvie
2021-04-30 23:28:51.258      8) [User] window destroyed: remote-page.kvie, wasClosed: true
2021-04-30 23:29:04.344     10) [User] window created: remote-page.kvie
2021-04-30 23:29:17.567     11) [User] window destroyed: remote-page.kvie, wasClosed: true
2021-04-30 23:29:27.338     13) [User] window created: remote-page.kvie
2021-04-30 23:30:29.514     14) [User] window destroyed: remote-page.kvie, wasClosed: true
2021-04-30 23:31:02.777      4) [User] window created: remote-page.kvie
2021-04-30 23:31:35.349      5) [User] window destroyed: remote-page.kvie, wasClosed: true
2021-04-30 23:33:02.288      4) [User] window created: remote-page.kvie
2021-04-30 23:33:53.879      5) [User] window destroyed: remote-page.kvie, wasClosed: false
2021-04-30 23:33:58.907      4) [User] window created: remote-page.kvie
2021-04-30 23:34:13.550      5) [User] window destroyed: remote-page.kvie, wasClosed: false
2021-04-30 23:34:43.903      4) [User] window created: remote-page.kvie
2021-04-30 23:34:53.881      5) [User] window destroyed: remote-page.kvie, wasClosed: true
2021-04-30 23:35:50.885      4) [User] window created: remote-page.kvie
2021-04-30 23:36:21.342      5) [User] window destroyed: remote-page.kvie, wasClosed: true
2021-04-30 23:36:32.359      4) [User] window created: remote-page.kvie
2021-04-30 23:41:54.312      5) [User] window destroyed: remote-page.kvie, wasClosed: true
2021-04-30 23:42:06.119      4) [User] window created: remote-page.kvie
2021-04-30 23:45:45.550      5) [User] window destroyed: remote-page.kvie, wasClosed: true
2021-05-01 08:02:35.609      4) [User] window created: remote-page.kvie
2021-05-01 08:02:59.683      5) [User] window destroyed: remote-page.kvie, wasClosed: true
2021-05-01 08:03:11.516      7) [User] window created: remote-page.kvie
2021-05-01 08:03:36.754      8) [User] window destroyed: remote-page.kvie, wasClosed: true
2021-05-01 08:06:54.033      4) [User] window created: remote-page.kvie
2021-05-01 08:07:06.866      5) [User] window destroyed: remote-page.kvie, wasClosed: true
2021-05-01 08:07:52.641      4) [User] window created: remote-page.kvie
2021-05-01 08:08:01.182      5) [User] window destroyed: remote-page.kvie, wasClosed: false
2021-05-01 08:12:35.901      4) [User] window created: remote-page.kvie
2021-05-01 08:12:42.260      5) [User] window destroyed: remote-page.kvie, wasClosed: false
2021-05-01 08:14:06.147      4) [User] window created: remote-page.kvie
2021-05-01 08:14:09.627      5) [User] window destroyed: remote-page.kvie, wasClosed: true
2021-05-01 08:14:21.078      7) [User] window created: remote-page.kvie
2021-05-01 08:14:30.591      8) [User] window destroyed: remote-page.kvie, wasClosed: false
2021-05-01 08:15:09.423      4) [User] window created: remote-page.kvie
2021-05-01 08:15:12.040      5) [User] window destroyed: remote-page.kvie, wasClosed: true
2021-05-01 08:22:27.517      4) [User] window created: remote-page.kvie
2021-05-01 08:22:36.520      5) [User] window destroyed: remote-page.kvie, wasClosed: true
2021-05-01 08:22:47.442      7) [User] window created: remote-page.kvie
2021-05-01 08:22:58.435      8) [User] window destroyed: remote-page.kvie, wasClosed: false
2021-05-01 08:23:25.039      4) [User] window created: remote-page.kvie
2021-05-01 08:23:27.690      5) [User] window destroyed: remote-page.kvie, wasClosed: true
2021-05-01 08:23:32.444      7) [User] window created: remote-page.kvie
2021-05-01 08:23:41.734      8) [User] window destroyed: remote-page.kvie, wasClosed: false
2021-05-01 08:31:16.222      4) [User] window created: remote-page.kvie
2021-05-01 08:31:18.409      5) [User] window destroyed: remote-page.kvie, wasClosed: true
2021-05-01 08:31:26.145      7) [User] window created: remote-page.kvie
2021-05-01 08:31:30.313      8) [User] window destroyed: remote-page.kvie, wasClosed: false
2021-05-01 08:33:55.251      4) [User] window created: remote-page.kvie
2021-05-01 08:33:57.643      5) [User] window destroyed: remote-page.kvie, wasClosed: true
2021-05-01 08:34:02.161      7) [User] window created: remote-page.kvie
2021-05-01 08:34:16.588      8) [User] window destroyed: remote-page.kvie, wasClosed: true
2021-05-01 08:37:30.487      4) [User] window created: remote-page.kvie
2021-05-01 08:37:33.140      5) [User] window destroyed: remote-page.kvie, wasClosed: true
2021-05-01 08:37:37.399      7) [User] window created: remote-page.kvie
2021-05-01 08:37:43.884      8) [User] window destroyed: remote-page.kvie, wasClosed: false
2021-05-01 08:42:21.351      4) [User] window created: remote-page.kvie
2021-05-01 08:42:23.337      5) [User] window destroyed: remote-page.kvie, wasClosed: true
2021-05-01 08:42:32.233      7) [User] window created: remote-page.kvie
2021-05-01 08:42:37.156      8) [User] window destroyed: remote-page.kvie, wasClosed: true
2021-05-01 08:43:33.672      4) [User] window created: remote-page.kvie
2021-05-01 08:43:35.187      5) [User] window destroyed: remote-page.kvie, wasClosed: true
2021-05-01 08:43:39.562      7) [User] window created: remote-page.kvie
2021-05-01 08:43:43.979      8) [User] window destroyed: remote-page.kvie, wasClosed: true
2021-05-01 08:44:23.246      4) [User] window created: remote-page.kvie
2021-05-01 08:44:27.144      5) [User] window destroyed: remote-page.kvie, wasClosed: true
2021-05-01 08:44:33.139      7) [User] window created: remote-page.kvie
2021-05-01 08:44:39.142      8) [User] window destroyed: remote-page.kvie, wasClosed: true
2021-05-01 08:45:52.914      4) [User] window created: remote-page.kvie
2021-05-01 08:45:56.401      5) [User] window destroyed: remote-page.kvie, wasClosed: true
2021-05-01 08:46:08.810      7) [User] window created: remote-page.kvie
2021-05-01 08:46:14.270      8) [User] window destroyed: remote-page.kvie, wasClosed: true
2021-05-01 08:47:01.634      4) [User] window created: remote-page.kvie
2021-05-01 08:47:04.103      5) [User] window destroyed: remote-page.kvie, wasClosed: true
2021-05-01 08:47:08.535      7) [User] window created: remote-page.kvie
2021-05-01 08:47:12.359      8) [User] window destroyed: remote-page.kvie, wasClosed: true
2021-05-01 08:48:10.226      4) [User] window created: remote-page.kvie
2021-05-01 08:48:12.538      5) [User] window destroyed: remote-page.kvie, wasClosed: true
2021-05-01 08:48:19.039      7) [User] window created: remote-page.kvie
2021-05-01 08:48:21.595      8) [User] window destroyed: remote-page.kvie, wasClosed: false
2021-05-01 08:49:03.059      4) [User] window created: remote-page.kvie
2021-05-01 08:49:05.771      5) [User] window destroyed: remote-page.kvie, wasClosed: true
2021-05-01 08:49:14.982      7) [User] window created: remote-page.kvie
2021-05-01 08:49:16.949      8) [User] window destroyed: remote-page.kvie, wasClosed: true
2021-05-01 08:51:18.540      4) [User] window created: remote-page.kvie
2021-05-01 08:51:20.970      5) [User] window destroyed: remote-page.kvie, wasClosed: true
2021-05-01 08:51:23.419      7) [User] window created: remote-page.kvie
2021-05-01 08:51:26.427      8) [User] window destroyed: remote-page.kvie, wasClosed: true
2021-05-01 08:51:38.401     10) [User] window created: remote-page.kvie
2021-05-01 08:51:42.905     11) [User] window destroyed: remote-page.kvie, wasClosed: true
2021-05-01 08:51:48.476     13) [User] window created: remote-page.kvie
2021-05-01 08:51:51.587     14) [User] window destroyed: remote-page.kvie, wasClosed: false
2021-05-01 08:55:03.498      4) [User] window created: remote-page.kvie
2021-05-01 08:55:08.063      5) [User] window destroyed: remote-page.kvie, wasClosed: true
2021-05-01 08:55:14.330      7) [User] window created: remote-page.kvie
2021-05-01 08:55:17.042      8) [User] window destroyed: remote-page.kvie, wasClosed: false
2021-05-01 08:55:45.648      4) [User] window created: remote-page.kvie
2021-05-01 08:55:49.918      5) [User] window destroyed: remote-page.kvie, wasClosed: true
2021-05-01 08:56:34.681      4) [User] window created: remote-page.kvie
2021-05-01 08:56:38.205      5) [User] window destroyed: remote-page.kvie, wasClosed: true
2021-05-01 08:57:06.446      4) [User] window created: remote-page.kvie
2021-05-01 08:57:07.652      5) [User] window destroyed: remote-page.kvie, wasClosed: true
2021-05-01 08:57:10.325      7) [User] window created: remote-page.kvie
2021-05-01 08:57:12.452      8) [User] window destroyed: remote-page.kvie, wasClosed: true
2021-05-01 08:59:26.106      4) [User] window created: remote-page.kvie
2021-05-01 08:59:37.537      5) [User] window destroyed: remote-page.kvie, wasClosed: false
2021-05-01 09:01:16.526      4) [User] window created: remote-page.kvie
2021-05-01 09:01:25.322      5) [User] window created: mv/pop.kvie
2021-05-01 09:01:27.038      6) [User] window destroyed: mv/pop.kvie, wasClosed: true
2021-05-01 09:01:56.830      7) [User] window destroyed: remote-page.kvie, wasClosed: false
2021-05-01 09:02:30.248      4) [User] window created: remote-page.kvie
2021-05-01 09:02:34.512      5) [User] window created: mv/pop.kvie
2021-05-01 09:02:35.440      6) [User] window destroyed: mv/pop.kvie, wasClosed: true
2021-05-01 09:02:36.814      7) [User] index has changed from 0 to 1
2021-05-01 09:02:37.470      8) [User] index has changed from 1 to 2
2021-05-01 09:02:38.341      9) [User] index has changed from 2 to 1
2021-05-01 09:02:38.560     10) [User] index has changed from 1 to 0
2021-05-01 09:02:39.303     11) [User] window created: mv/pop.kvie
2021-05-01 09:02:40.176     12) [User] window destroyed: mv/pop.kvie, wasClosed: true
2021-05-01 09:02:43.791     13) [User] window destroyed: remote-page.kvie, wasClosed: true
2021-05-01 09:02:49.416     17) [User] window created: remote-page.kvie
2021-05-01 09:03:03.285     18) [User] window created: mv/pop.kvie
2021-05-01 09:03:04.426     19) [User] window destroyed: mv/pop.kvie, wasClosed: true
2021-05-01 09:03:09.309     20) [User] window destroyed: remote-page.kvie, wasClosed: true
2021-05-01 09:03:15.460     22) [User] window created: remote-page.kvie
2021-05-01 09:09:11.289     23) [User] window destroyed: remote-page.kvie, wasClosed: false
2021-05-01 09:09:44.736      4) [User] window created: remote-page.kvie
2021-05-01 09:10:08.260      5) [User] window destroyed: remote-page.kvie, wasClosed: true
2021-05-01 09:10:11.632      7) [User] window created: remote-page.kvie
2021-05-01 09:27:33.583      8) [User] window destroyed: remote-page.kvie, wasClosed: false
2021-05-01 09:27:40.346      4) [User] window created: remote-page.kvie
2021-05-01 09:27:42.607      5) [User] window destroyed: remote-page.kvie, wasClosed: true
2021-05-01 09:27:48.211      7) [User] window created: remote-page.kvie
2021-05-01 09:27:58.315      8) [User] window destroyed: remote-page.kvie, wasClosed: true
2021-05-01 09:32:29.881      4) [User] window created: remote-page.kvie
2021-05-01 09:32:44.526      5) [User] window destroyed: remote-page.kvie, wasClosed: true
2021-05-01 09:32:49.669      7) [User] window created: remote-page.kvie
2021-05-01 09:33:24.840      8) [User] window destroyed: remote-page.kvie, wasClosed: true
2021-05-01 09:33:27.910     10) [User] window created: remote-page.kvie
2021-05-01 09:33:38.213     11) [User] window destroyed: remote-page.kvie, wasClosed: true
2021-05-01 09:36:20.879      4) [User] window created: remote-page.kvie
2021-05-01 09:36:29.716      5) [User] window destroyed: remote-page.kvie, wasClosed: true
2021-05-01 09:36:53.794      7) [User] window created: remote-page.kvie
2021-05-01 09:36:57.969      8) [User] window destroyed: remote-page.kvie, wasClosed: false
2021-05-01 09:38:08.521      4) [User] window created: remote-page.kvie
2021-05-01 09:38:20.324      5) [User] window destroyed: remote-page.kvie, wasClosed: true
2021-05-01 09:38:26.386      7) [User] window created: remote-page.kvie
2021-05-01 09:38:44.135      8) [User] window created: mv/pop.kvie
2021-05-01 09:38:45.249      9) [User] window destroyed: mv/pop.kvie, wasClosed: true
2021-05-01 09:39:05.735     10) [User] window destroyed: remote-page.kvie, wasClosed: true
2021-05-01 09:41:14.999      4) [User] window created: remote-page.kvie
2021-05-01 09:41:26.795      5) [User] window destroyed: remote-page.kvie, wasClosed: true
2021-05-01 09:41:32.879      7) [User] window created: remote-page.kvie
2021-05-01 09:41:45.715      8) [User] window destroyed: remote-page.kvie, wasClosed: true
2021-05-01 09:41:50.904     10) [User] window created: remote-page.kvie
2021-05-01 09:42:05.031     11) [User] window destroyed: remote-page.kvie, wasClosed: true
2021-05-01 09:42:10.891     13) [User] window created: remote-page.kvie
2021-05-01 09:42:21.749     14) [User] window destroyed: remote-page.kvie, wasClosed: false
2021-05-01 09:47:47.386      4) [User] window created: remote-page.kvie
2021-05-01 09:48:12.606      5) [User] window destroyed: remote-page.kvie, wasClosed: true
2021-05-01 09:48:18.232      7) [User] window created: remote-page.kvie
2021-05-01 09:48:50.380      8) [User] window destroyed: remote-page.kvie, wasClosed: false
2021-05-01 09:48:50.384      9) [User] window destroyed: remote-page.kvie, wasClosed: true
2021-05-01 09:55:45.472      4) [User] window created: remote-page.kvie
2021-05-01 09:55:48.632      5) [User] window destroyed: remote-page.kvie, wasClosed: true
2021-05-01 09:56:27.374      4) [User] window created: remote-page.kvie
2021-05-01 09:56:29.446      5) [User] window destroyed: remote-page.kvie, wasClosed: true
2021-05-01 09:56:32.388      7) [User] window created: remote-page.kvie
2021-05-01 09:56:36.280      8) [User] window destroyed: remote-page.kvie, wasClosed: true
2021-05-01 09:56:45.227     10) [User] window created: remote-page.kvie
2021-05-01 09:56:53.895     11) [User] window destroyed: remote-page.kvie, wasClosed: true
2021-05-01 10:24:00.347      4) [User] window created: remote-page.kvie
2021-05-01 10:24:28.467      5) [User] window destroyed: remote-page.kvie, wasClosed: true
2021-05-01 10:25:52.543      4) [User] window created: remote-page.kvie
2021-05-01 10:27:31.265     11) [User] window destroyed: remote-page.kvie, wasClosed: true
2021-05-01 10:27:48.360      4) [User] window created: remote-page.kvie
2021-05-01 10:28:16.252      5) [User] window destroyed: remote-page.kvie, wasClosed: true
2021-05-01 10:28:31.295      7) [User] window created: remote-page.kvie
2021-05-01 10:29:07.891      8) [User] window destroyed: remote-page.kvie, wasClosed: true
2021-05-01 10:29:13.271     10) [User] window created: remote-page.kvie
2021-05-01 10:32:25.016     11) [User] window destroyed: remote-page.kvie, wasClosed: true
2021-05-01 11:29:27.980      4) [User] window created: remote-page.kvie
2021-05-01 11:29:35.641      5) [User] window destroyed: remote-page.kvie, wasClosed: true
2021-05-01 11:29:40.862      7) [User] window created: remote-page.kvie
2021-05-01 11:29:46.554      8) [User] window destroyed: remote-page.kvie, wasClosed: true
2021-05-01 11:31:56.064     10) [User] window created: remote-page.kvie
2021-05-01 11:32:03.733     11) [User] window destroyed: remote-page.kvie, wasClosed: true
2021-05-01 11:32:08.978     13) [User] window created: remote-page.kvie
2021-05-01 11:32:13.698     14) [User] window destroyed: remote-page.kvie, wasClosed: true
2021-05-01 11:34:50.543      5) [User] window created: remote-page.kvie
2021-05-01 11:34:57.529      6) [User] window destroyed: remote-page.kvie, wasClosed: true
2021-05-01 11:35:03.354      8) [User] window created: remote-page.kvie
2021-05-01 11:35:31.421     10) [User] window destroyed: remote-page.kvie, wasClosed: true
2021-05-01 11:37:24.223      4) [User] window created: remote-page.kvie
2021-05-01 11:37:30.840      5) [User] window destroyed: remote-page.kvie, wasClosed: true
2021-05-01 11:37:36.067      7) [User] window created: remote-page.kvie
2021-05-01 11:42:12.082     10) [User] window destroyed: remote-page.kvie, wasClosed: false
2021-05-01 11:45:56.639      4) [User] window created: remote-page.kvie
2021-05-01 11:46:04.742      5) [User] window destroyed: remote-page.kvie, wasClosed: true
2021-05-01 11:46:10.479      7) [User] window created: remote-page.kvie
2021-05-01 22:04:40.725     10) [User] window destroyed: remote-page.kvie, wasClosed: true
2021-06-30 12:53:05.458      4) [User] window created: Workview2.kvie
2021-06-30 13:36:59.410      6) [User] window destroyed: Workview2.kvie, wasClosed: true
2021-07-05 11:05:06.267      4) [User] window created: Workview2.kvie
2021-07-05 11:13:26.792      5) [User] window destroyed: Workview2.kvie, wasClosed: true
2021-07-08 10:01:23.513      4) [User] window created: remote-page.kvie
2021-07-08 10:01:31.846      6) [User] window destroyed: remote-page.kvie, wasClosed: true
2021-07-08 10:04:24.559      4) [User] window created: remote-page.kvie
2021-07-08 10:04:28.919      5) [User] window destroyed: remote-page.kvie, wasClosed: true
2021-07-14 23:53:13.173      4) [User] window destroyed: Common/MAIN.kvie, wasClosed: true
