2021-04-28 23:15:10.595    110) WideQuick Remote shutdown (return code: 0) ===========================================
2021-04-28 23:15:37.994      1) WideQuick Runtime starting ===== $CompileDate: Feb  8 2021  15:59:41 $ --- $Revision: 1 $ --- $Date: 2008-09-29 09:26:05 +0200 (må, 29 sep 2008) $ --- $CompileType: RELEASE $ --- $QtV: 5.15.2 $
2021-04-28 23:15:56.548      8) WideQuick Remote shutdown (return code: 0) ===========================================
2021-04-28 23:16:27.675      1) WideQuick Runtime starting ===== $CompileDate: Feb  8 2021  15:59:41 $ --- $Revision: 1 $ --- $Date: 2008-09-29 09:26:05 +0200 (må, 29 sep 2008) $ --- $CompileType: RELEASE $ --- $QtV: 5.15.2 $
2021-04-28 23:16:38.238      8) WideQuick Remote shutdown (return code: 0) ===========================================
2021-04-28 23:17:26.523      1) WideQuick Runtime starting ===== $CompileDate: Feb  8 2021  15:59:41 $ --- $Revision: 1 $ --- $Date: 2008-09-29 09:26:05 +0200 (må, 29 sep 2008) $ --- $CompileType: RELEASE $ --- $QtV: 5.15.2 $
2021-04-28 23:17:39.069      8) WideQuick Remote shutdown (return code: 0) ===========================================
2021-04-28 23:23:14.600      1) WideQuick Runtime starting ===== $CompileDate: Feb  8 2021  15:59:41 $ --- $Revision: 1 $ --- $Date: 2008-09-29 09:26:05 +0200 (må, 29 sep 2008) $ --- $CompileType: RELEASE $ --- $QtV: 5.15.2 $
2021-04-28 23:23:26.154      8) WideQuick Remote shutdown (return code: 0) ===========================================
2021-04-28 23:27:14.907      1) WideQuick Runtime starting ===== $CompileDate: Feb  8 2021  15:59:41 $ --- $Revision: 1 $ --- $Date: 2008-09-29 09:26:05 +0200 (må, 29 sep 2008) $ --- $CompileType: RELEASE $ --- $QtV: 5.15.2 $
2021-04-28 23:27:25.461      8) WideQuick Remote shutdown (return code: 0) ===========================================
2021-04-28 23:27:53.552      1) WideQuick Runtime starting ===== $CompileDate: Feb  8 2021  15:59:41 $ --- $Revision: 1 $ --- $Date: 2008-09-29 09:26:05 +0200 (må, 29 sep 2008) $ --- $CompileType: RELEASE $ --- $QtV: 5.15.2 $
2021-04-28 23:30:23.886     14) WideQuick Remote shutdown (return code: 0) ===========================================
2021-04-28 23:31:38.875      1) WideQuick Runtime starting ===== $CompileDate: Feb  8 2021  15:59:41 $ --- $Revision: 1 $ --- $Date: 2008-09-29 09:26:05 +0200 (må, 29 sep 2008) $ --- $CompileType: RELEASE $ --- $QtV: 5.15.2 $
2021-04-28 23:31:52.450      8) WideQuick Remote shutdown (return code: 0) ===========================================
2021-04-28 23:33:06.638      1) WideQuick Runtime starting ===== $CompileDate: Feb  8 2021  15:59:41 $ --- $Revision: 1 $ --- $Date: 2008-09-29 09:26:05 +0200 (må, 29 sep 2008) $ --- $CompileType: RELEASE $ --- $QtV: 5.15.2 $
2021-04-28 23:33:15.195      8) WideQuick Remote shutdown (return code: 0) ===========================================
2021-04-28 23:36:49.636      1) WideQuick Runtime starting ===== $CompileDate: Feb  8 2021  15:59:41 $ --- $Revision: 1 $ --- $Date: 2008-09-29 09:26:05 +0200 (må, 29 sep 2008) $ --- $CompileType: RELEASE $ --- $QtV: 5.15.2 $
2021-04-28 23:37:05.357      9) WideQuick Remote shutdown (return code: 0) ===========================================
2021-04-29 08:09:21.515      1) WideQuick Runtime starting ===== $CompileDate: Feb  8 2021  15:59:41 $ --- $Revision: 1 $ --- $Date: 2008-09-29 09:26:05 +0200 (må, 29 sep 2008) $ --- $CompileType: RELEASE $ --- $QtV: 5.15.2 $
2021-04-29 08:10:08.862      8) WideQuick Remote shutdown (return code: 0) ===========================================
2021-04-29 08:10:17.695      1) WideQuick Runtime starting ===== $CompileDate: Feb  8 2021  15:59:41 $ --- $Revision: 1 $ --- $Date: 2008-09-29 09:26:05 +0200 (må, 29 sep 2008) $ --- $CompileType: RELEASE $ --- $QtV: 5.15.2 $
2021-04-29 08:10:38.838      8) WideQuick Remote shutdown (return code: 0) ===========================================
2021-04-29 08:10:50.590      1) WideQuick Runtime starting ===== $CompileDate: Mar  5 2020  13:41:32 $ --- $Revision: 1 $ --- $Date: 2008-09-29 09:26:05 +0200 (må, 29 sep 2008) $ --- $CompileType: RELEASE $ --- $QtV: 5.9.5 $
2021-04-29 08:12:27.767      9) WideQuick Remote shutdown (return code: 0) ===========================================
2021-04-29 08:12:32.184      1) WideQuick Runtime starting ===== $CompileDate: Feb  8 2021  15:59:41 $ --- $Revision: 1 $ --- $Date: 2008-09-29 09:26:05 +0200 (må, 29 sep 2008) $ --- $CompileType: RELEASE $ --- $QtV: 5.15.2 $
2021-04-29 08:21:04.945     13) WideQuick Remote shutdown (return code: 0) ===========================================
2021-04-29 08:27:05.173      1) WideQuick Runtime starting ===== $CompileDate: Feb  8 2021  15:59:41 $ --- $Revision: 1 $ --- $Date: 2008-09-29 09:26:05 +0200 (må, 29 sep 2008) $ --- $CompileType: RELEASE $ --- $QtV: 5.15.2 $
2021-04-29 08:59:50.347     20) WideQuick Remote shutdown (return code: 0) ===========================================
2021-04-29 16:46:42.153      1) WideQuick Runtime starting ===== $CompileDate: Feb  8 2021  15:59:41 $ --- $Revision: 1 $ --- $Date: 2008-09-29 09:26:05 +0200 (må, 29 sep 2008) $ --- $CompileType: RELEASE $ --- $QtV: 5.15.2 $
2021-04-29 17:24:10.641     18) WideQuick Remote shutdown (return code: 0) ===========================================
2021-04-29 17:24:15.602      1) WideQuick Runtime starting ===== $CompileDate: Feb  8 2021  15:59:41 $ --- $Revision: 1 $ --- $Date: 2008-09-29 09:26:05 +0200 (må, 29 sep 2008) $ --- $CompileType: RELEASE $ --- $QtV: 5.15.2 $
2021-04-29 17:46:10.777     75) WideQuick Remote shutdown (return code: 0) ===========================================
2021-04-29 17:46:20.866      1) WideQuick Runtime starting ===== $CompileDate: Feb  8 2021  15:59:41 $ --- $Revision: 1 $ --- $Date: 2008-09-29 09:26:05 +0200 (må, 29 sep 2008) $ --- $CompileType: RELEASE $ --- $QtV: 5.15.2 $
2021-04-29 18:26:55.850     42) WideQuick Remote shutdown (return code: 0) ===========================================
2021-04-30 13:07:05.839      1) WideQuick Runtime starting ===== $CompileDate: Feb  8 2021  15:59:41 $ --- $Revision: 1 $ --- $Date: 2008-09-29 09:26:05 +0200 (må, 29 sep 2008) $ --- $CompileType: RELEASE $ --- $QtV: 5.15.2 $
2021-04-30 13:08:05.433      1) WideQuick Runtime starting ===== $CompileDate: Feb  8 2021  15:59:41 $ --- $Revision: 1 $ --- $Date: 2008-09-29 09:26:05 +0200 (må, 29 sep 2008) $ --- $CompileType: RELEASE $ --- $QtV: 5.15.2 $
2021-04-30 13:08:17.992     12) WideQuick Remote shutdown (return code: 0) ===========================================
2021-04-30 13:08:49.606      8) WideQuick Remote shutdown (return code: 0) ===========================================
2021-04-30 13:08:55.319      1) WideQuick Runtime starting ===== $CompileDate: Feb  8 2021  15:59:41 $ --- $Revision: 1 $ --- $Date: 2008-09-29 09:26:05 +0200 (må, 29 sep 2008) $ --- $CompileType: RELEASE $ --- $QtV: 5.15.2 $
2021-04-30 13:13:36.617     20) WideQuick Remote shutdown (return code: 0) ===========================================
2021-04-30 13:15:42.186      1) WideQuick Runtime starting ===== $CompileDate: Feb  8 2021  15:59:41 $ --- $Revision: 1 $ --- $Date: 2008-09-29 09:26:05 +0200 (må, 29 sep 2008) $ --- $CompileType: RELEASE $ --- $QtV: 5.15.2 $
2021-04-30 13:35:37.871     12) WideQuick Remote shutdown (return code: 0) ===========================================
2021-04-30 13:35:40.407      1) WideQuick Runtime starting ===== $CompileDate: Feb  8 2021  15:59:41 $ --- $Revision: 1 $ --- $Date: 2008-09-29 09:26:05 +0200 (må, 29 sep 2008) $ --- $CompileType: RELEASE $ --- $QtV: 5.15.2 $
2021-04-30 13:54:10.803     10) WideQuick Remote shutdown (return code: 0) ===========================================
2021-04-30 13:54:14.179      1) WideQuick Runtime starting ===== $CompileDate: Feb  8 2021  15:59:41 $ --- $Revision: 1 $ --- $Date: 2008-09-29 09:26:05 +0200 (må, 29 sep 2008) $ --- $CompileType: RELEASE $ --- $QtV: 5.15.2 $
2021-04-30 13:55:26.954      6) WideQuick Remote shutdown (return code: 0) ===========================================
2021-04-30 13:56:09.382      1) WideQuick Runtime starting ===== $CompileDate: Feb  8 2021  15:59:41 $ --- $Revision: 1 $ --- $Date: 2008-09-29 09:26:05 +0200 (må, 29 sep 2008) $ --- $CompileType: RELEASE $ --- $QtV: 5.15.2 $
2021-04-30 13:56:22.963      6) WideQuick Remote shutdown (return code: 0) ===========================================
2021-04-30 14:02:14.002      1) WideQuick Runtime starting ===== $CompileDate: Feb  8 2021  15:59:41 $ --- $Revision: 1 $ --- $Date: 2008-09-29 09:26:05 +0200 (må, 29 sep 2008) $ --- $CompileType: RELEASE $ --- $QtV: 5.15.2 $
2021-04-30 14:13:17.079     39) WideQuick Remote shutdown (return code: 0) ===========================================
2021-04-30 14:13:19.577      1) WideQuick Runtime starting ===== $CompileDate: Feb  8 2021  15:59:41 $ --- $Revision: 1 $ --- $Date: 2008-09-29 09:26:05 +0200 (må, 29 sep 2008) $ --- $CompileType: RELEASE $ --- $QtV: 5.15.2 $
2021-04-30 14:14:25.928      1) WideQuick Runtime starting ===== $CompileDate: Feb  8 2021  15:59:41 $ --- $Revision: 1 $ --- $Date: 2008-09-29 09:26:05 +0200 (må, 29 sep 2008) $ --- $CompileType: RELEASE $ --- $QtV: 5.15.2 $
2021-04-30 14:14:54.365      1) WideQuick Runtime starting ===== $CompileDate: Feb  8 2021  15:59:41 $ --- $Revision: 1 $ --- $Date: 2008-09-29 09:26:05 +0200 (må, 29 sep 2008) $ --- $CompileType: RELEASE $ --- $QtV: 5.15.2 $
2021-04-30 14:15:20.982      7) WideQuick Remote shutdown (return code: 0) ===========================================
2021-04-30 14:15:59.795      1) WideQuick Runtime starting ===== $CompileDate: Feb  8 2021  15:59:41 $ --- $Revision: 1 $ --- $Date: 2008-09-29 09:26:05 +0200 (må, 29 sep 2008) $ --- $CompileType: RELEASE $ --- $QtV: 5.15.2 $
2021-04-30 14:16:22.381      6) WideQuick Remote shutdown (return code: 0) ===========================================
2021-04-30 14:16:39.662      1) WideQuick Runtime starting ===== $CompileDate: Feb  8 2021  15:59:41 $ --- $Revision: 1 $ --- $Date: 2008-09-29 09:26:05 +0200 (må, 29 sep 2008) $ --- $CompileType: RELEASE $ --- $QtV: 5.15.2 $
2021-04-30 14:16:57.240      7) WideQuick Remote shutdown (return code: 0) ===========================================
2021-04-30 14:23:57.664      1) WideQuick Runtime starting ===== $CompileDate: Feb  8 2021  15:59:41 $ --- $Revision: 1 $ --- $Date: 2008-09-29 09:26:05 +0200 (må, 29 sep 2008) $ --- $CompileType: RELEASE $ --- $QtV: 5.15.2 $
2021-04-30 14:24:33.368     20) WideQuick Remote shutdown (return code: 0) ===========================================
2021-04-30 14:24:36.524      1) WideQuick Runtime starting ===== $CompileDate: Feb  8 2021  15:59:41 $ --- $Revision: 1 $ --- $Date: 2008-09-29 09:26:05 +0200 (må, 29 sep 2008) $ --- $CompileType: RELEASE $ --- $QtV: 5.15.2 $
2021-04-30 14:25:06.619     30) WideQuick Remote shutdown (return code: 0) ===========================================
2021-04-30 14:25:44.677      1) WideQuick Runtime starting ===== $CompileDate: Feb  8 2021  15:59:41 $ --- $Revision: 1 $ --- $Date: 2008-09-29 09:26:05 +0200 (må, 29 sep 2008) $ --- $CompileType: RELEASE $ --- $QtV: 5.15.2 $
2021-04-30 14:26:02.248      6) WideQuick Remote shutdown (return code: 0) ===========================================
2021-04-30 14:26:22.126      1) WideQuick Runtime starting ===== $CompileDate: Feb  8 2021  15:59:41 $ --- $Revision: 1 $ --- $Date: 2008-09-29 09:26:05 +0200 (må, 29 sep 2008) $ --- $CompileType: RELEASE $ --- $QtV: 5.15.2 $
2021-04-30 14:27:32.783      7) WideQuick Remote shutdown (return code: 0) ===========================================
2021-04-30 14:27:39.946      1) WideQuick Runtime starting ===== $CompileDate: Feb  8 2021  15:59:41 $ --- $Revision: 1 $ --- $Date: 2008-09-29 09:26:05 +0200 (må, 29 sep 2008) $ --- $CompileType: RELEASE $ --- $QtV: 5.15.2 $
2021-04-30 14:28:00.540     11) WideQuick Remote shutdown (return code: 0) ===========================================
2021-04-30 14:28:16.005      1) WideQuick Runtime starting ===== $CompileDate: Feb  8 2021  15:59:41 $ --- $Revision: 1 $ --- $Date: 2008-09-29 09:26:05 +0200 (må, 29 sep 2008) $ --- $CompileType: RELEASE $ --- $QtV: 5.15.2 $
2021-04-30 14:30:31.469     18) WideQuick Remote shutdown (return code: 0) ===========================================
2021-04-30 14:53:22.932      1) WideQuick Runtime starting ===== $CompileDate: Feb  8 2021  15:59:41 $ --- $Revision: 1 $ --- $Date: 2008-09-29 09:26:05 +0200 (må, 29 sep 2008) $ --- $CompileType: RELEASE $ --- $QtV: 5.15.2 $
2021-04-30 14:53:37.505      7) WideQuick Remote shutdown (return code: 0) ===========================================
2021-04-30 21:39:45.101      1) WideQuick Runtime starting ===== $CompileDate: Feb  8 2021  15:59:41 $ --- $Revision: 1 $ --- $Date: 2008-09-29 09:26:05 +0200 (må, 29 sep 2008) $ --- $CompileType: RELEASE $ --- $QtV: 5.15.2 $
2021-04-30 21:40:29.323      5) WideQuick Remote shutdown (return code: 0) ===========================================
2021-04-30 21:41:46.403      1) WideQuick Runtime starting ===== $CompileDate: Feb  8 2021  15:59:41 $ --- $Revision: 1 $ --- $Date: 2008-09-29 09:26:05 +0200 (må, 29 sep 2008) $ --- $CompileType: RELEASE $ --- $QtV: 5.15.2 $
2021-04-30 21:43:14.593     13) WideQuick Remote shutdown (return code: 0) ===========================================
2021-04-30 21:46:30.801      1) WideQuick Runtime starting ===== $CompileDate: Feb  8 2021  15:59:41 $ --- $Revision: 1 $ --- $Date: 2008-09-29 09:26:05 +0200 (må, 29 sep 2008) $ --- $CompileType: RELEASE $ --- $QtV: 5.15.2 $
2021-04-30 21:46:43.356      5) WideQuick Remote shutdown (return code: 0) ===========================================
2021-04-30 21:47:11.632      1) WideQuick Runtime starting ===== $CompileDate: Feb  8 2021  15:59:41 $ --- $Revision: 1 $ --- $Date: 2008-09-29 09:26:05 +0200 (må, 29 sep 2008) $ --- $CompileType: RELEASE $ --- $QtV: 5.15.2 $
2021-04-30 21:47:28.214      5) WideQuick Remote shutdown (return code: 0) ===========================================
2021-04-30 21:48:29.305      1) WideQuick Runtime starting ===== $CompileDate: Feb  8 2021  15:59:41 $ --- $Revision: 1 $ --- $Date: 2008-09-29 09:26:05 +0200 (må, 29 sep 2008) $ --- $CompileType: RELEASE $ --- $QtV: 5.15.2 $
2021-04-30 21:48:37.352      5) WideQuick Remote shutdown (return code: 0) ===========================================
2021-04-30 21:48:59.499      1) WideQuick Runtime starting ===== $CompileDate: Feb  8 2021  15:59:41 $ --- $Revision: 1 $ --- $Date: 2008-09-29 09:26:05 +0200 (må, 29 sep 2008) $ --- $CompileType: RELEASE $ --- $QtV: 5.15.2 $
2021-04-30 21:49:42.622      5) WideQuick Remote shutdown (return code: 0) ===========================================
2021-04-30 21:49:50.980      1) WideQuick Runtime starting ===== $CompileDate: Feb  8 2021  15:59:41 $ --- $Revision: 1 $ --- $Date: 2008-09-29 09:26:05 +0200 (må, 29 sep 2008) $ --- $CompileType: RELEASE $ --- $QtV: 5.15.2 $
2021-04-30 21:50:06.543      8) WideQuick Remote shutdown (return code: 0) ===========================================
2021-04-30 21:50:58.789      1) WideQuick Runtime starting ===== $CompileDate: Feb  8 2021  15:59:41 $ --- $Revision: 1 $ --- $Date: 2008-09-29 09:26:05 +0200 (må, 29 sep 2008) $ --- $CompileType: RELEASE $ --- $QtV: 5.15.2 $
2021-04-30 21:51:07.341      5) WideQuick Remote shutdown (return code: 0) ===========================================
2021-04-30 21:51:35.601      1) WideQuick Runtime starting ===== $CompileDate: Feb  8 2021  15:59:41 $ --- $Revision: 1 $ --- $Date: 2008-09-29 09:26:05 +0200 (må, 29 sep 2008) $ --- $CompileType: RELEASE $ --- $QtV: 5.15.2 $
2021-04-30 21:51:44.160      5) WideQuick Remote shutdown (return code: 0) ===========================================
2021-04-30 21:52:02.996      1) WideQuick Runtime starting ===== $CompileDate: Feb  8 2021  15:59:41 $ --- $Revision: 1 $ --- $Date: 2008-09-29 09:26:05 +0200 (må, 29 sep 2008) $ --- $CompileType: RELEASE $ --- $QtV: 5.15.2 $
2021-04-30 21:52:14.557      5) WideQuick Remote shutdown (return code: 0) ===========================================
2021-04-30 21:52:57.103      1) WideQuick Runtime starting ===== $CompileDate: Feb  8 2021  15:59:41 $ --- $Revision: 1 $ --- $Date: 2008-09-29 09:26:05 +0200 (må, 29 sep 2008) $ --- $CompileType: RELEASE $ --- $QtV: 5.15.2 $
2021-04-30 21:53:08.674      5) WideQuick Remote shutdown (return code: 0) ===========================================
2021-04-30 21:53:33.418      1) WideQuick Runtime starting ===== $CompileDate: Feb  8 2021  15:59:41 $ --- $Revision: 1 $ --- $Date: 2008-09-29 09:26:05 +0200 (må, 29 sep 2008) $ --- $CompileType: RELEASE $ --- $QtV: 5.15.2 $
2021-04-30 21:53:40.976      5) WideQuick Remote shutdown (return code: 0) ===========================================
2021-04-30 21:54:08.901      1) WideQuick Runtime starting ===== $CompileDate: Feb  8 2021  15:59:41 $ --- $Revision: 1 $ --- $Date: 2008-09-29 09:26:05 +0200 (må, 29 sep 2008) $ --- $CompileType: RELEASE $ --- $QtV: 5.15.2 $
2021-04-30 21:54:17.450      8) WideQuick Remote shutdown (return code: 0) ===========================================
2021-04-30 21:56:14.302      1) WideQuick Runtime starting ===== $CompileDate: Feb  8 2021  15:59:41 $ --- $Revision: 1 $ --- $Date: 2008-09-29 09:26:05 +0200 (må, 29 sep 2008) $ --- $CompileType: RELEASE $ --- $QtV: 5.15.2 $
2021-04-30 21:56:31.873      8) WideQuick Remote shutdown (return code: 0) ===========================================
2021-04-30 21:57:37.185      1) WideQuick Runtime starting ===== $CompileDate: Feb  8 2021  15:59:41 $ --- $Revision: 1 $ --- $Date: 2008-09-29 09:26:05 +0200 (må, 29 sep 2008) $ --- $CompileType: RELEASE $ --- $QtV: 5.15.2 $
2021-04-30 21:57:49.752      8) WideQuick Remote shutdown (return code: 0) ===========================================
2021-04-30 21:58:13.840      1) WideQuick Runtime starting ===== $CompileDate: Feb  8 2021  15:59:41 $ --- $Revision: 1 $ --- $Date: 2008-09-29 09:26:05 +0200 (må, 29 sep 2008) $ --- $CompileType: RELEASE $ --- $QtV: 5.15.2 $
2021-04-30 21:58:23.394      8) WideQuick Remote shutdown (return code: 0) ===========================================
2021-04-30 21:59:33.004      1) WideQuick Runtime starting ===== $CompileDate: Feb  8 2021  15:59:41 $ --- $Revision: 1 $ --- $Date: 2008-09-29 09:26:05 +0200 (må, 29 sep 2008) $ --- $CompileType: RELEASE $ --- $QtV: 5.15.2 $
2021-04-30 21:59:47.563      8) WideQuick Remote shutdown (return code: 0) ===========================================
2021-04-30 22:04:21.406      1) WideQuick Runtime starting ===== $CompileDate: Feb  8 2021  15:59:41 $ --- $Revision: 1 $ --- $Date: 2008-09-29 09:26:05 +0200 (må, 29 sep 2008) $ --- $CompileType: RELEASE $ --- $QtV: 5.15.2 $
2021-04-30 22:05:24.075     42) WideQuick Remote shutdown (return code: 0) ===========================================
2021-04-30 22:05:31.299      1) WideQuick Runtime starting ===== $CompileDate: Feb  8 2021  15:59:41 $ --- $Revision: 1 $ --- $Date: 2008-09-29 09:26:05 +0200 (må, 29 sep 2008) $ --- $CompileType: RELEASE $ --- $QtV: 5.15.2 $
2021-04-30 22:06:15.423     10) WideQuick Remote shutdown (return code: 0) ===========================================
2021-04-30 22:07:00.277      1) WideQuick Runtime starting ===== $CompileDate: Feb  8 2021  15:59:41 $ --- $Revision: 1 $ --- $Date: 2008-09-29 09:26:05 +0200 (må, 29 sep 2008) $ --- $CompileType: RELEASE $ --- $QtV: 5.15.2 $
2021-04-30 22:08:01.927      8) WideQuick Remote shutdown (return code: 0) ===========================================
2021-04-30 22:08:06.834      1) WideQuick Runtime starting ===== $CompileDate: Feb  8 2021  15:59:41 $ --- $Revision: 1 $ --- $Date: 2008-09-29 09:26:05 +0200 (må, 29 sep 2008) $ --- $CompileType: RELEASE $ --- $QtV: 5.15.2 $
2021-04-30 22:08:47.911      8) WideQuick Remote shutdown (return code: 0) ===========================================
2021-04-30 22:09:14.082      1) WideQuick Runtime starting ===== $CompileDate: Feb  8 2021  15:59:41 $ --- $Revision: 1 $ --- $Date: 2008-09-29 09:26:05 +0200 (må, 29 sep 2008) $ --- $CompileType: RELEASE $ --- $QtV: 5.15.2 $
2021-04-30 22:09:31.656      8) WideQuick Remote shutdown (return code: 0) ===========================================
2021-04-30 22:09:57.653      1) WideQuick Runtime starting ===== $CompileDate: Feb  8 2021  15:59:41 $ --- $Revision: 1 $ --- $Date: 2008-09-29 09:26:05 +0200 (må, 29 sep 2008) $ --- $CompileType: RELEASE $ --- $QtV: 5.15.2 $
2021-04-30 22:10:34.747      8) WideQuick Remote shutdown (return code: 0) ===========================================
2021-04-30 22:11:45.539      1) WideQuick Runtime starting ===== $CompileDate: Feb  8 2021  15:59:41 $ --- $Revision: 1 $ --- $Date: 2008-09-29 09:26:05 +0200 (må, 29 sep 2008) $ --- $CompileType: RELEASE $ --- $QtV: 5.15.2 $
2021-04-30 22:12:11.122      8) WideQuick Remote shutdown (return code: 0) ===========================================
2021-04-30 22:19:19.364      1) WideQuick Runtime starting ===== $CompileDate: Feb  8 2021  15:59:41 $ --- $Revision: 1 $ --- $Date: 2008-09-29 09:26:05 +0200 (må, 29 sep 2008) $ --- $CompileType: RELEASE $ --- $QtV: 5.15.2 $
2021-04-30 22:19:35.966      8) WideQuick Remote shutdown (return code: 0) ===========================================
2021-04-30 22:20:57.377      1) WideQuick Runtime starting ===== $CompileDate: Feb  8 2021  15:59:41 $ --- $Revision: 1 $ --- $Date: 2008-09-29 09:26:05 +0200 (må, 29 sep 2008) $ --- $CompileType: RELEASE $ --- $QtV: 5.15.2 $
2021-04-30 22:21:28.973      8) WideQuick Remote shutdown (return code: 0) ===========================================
2021-04-30 22:22:41.945      1) WideQuick Runtime starting ===== $CompileDate: Feb  8 2021  15:59:41 $ --- $Revision: 1 $ --- $Date: 2008-09-29 09:26:05 +0200 (må, 29 sep 2008) $ --- $CompileType: RELEASE $ --- $QtV: 5.15.2 $
2021-04-30 22:23:09.520     11) WideQuick Remote shutdown (return code: 0) ===========================================
2021-04-30 22:23:37.742      1) WideQuick Runtime starting ===== $CompileDate: Feb  8 2021  15:59:41 $ --- $Revision: 1 $ --- $Date: 2008-09-29 09:26:05 +0200 (må, 29 sep 2008) $ --- $CompileType: RELEASE $ --- $QtV: 5.15.2 $
2021-04-30 22:23:48.317      8) WideQuick Remote shutdown (return code: 0) ===========================================
2021-04-30 22:25:53.853      1) WideQuick Runtime starting ===== $CompileDate: Feb  8 2021  15:59:41 $ --- $Revision: 1 $ --- $Date: 2008-09-29 09:26:05 +0200 (må, 29 sep 2008) $ --- $CompileType: RELEASE $ --- $QtV: 5.15.2 $
2021-04-30 22:29:09.129      1) WideQuick Runtime starting ===== $CompileDate: Feb  8 2021  15:59:41 $ --- $Revision: 1 $ --- $Date: 2008-09-29 09:26:05 +0200 (må, 29 sep 2008) $ --- $CompileType: RELEASE $ --- $QtV: 5.15.2 $
2021-04-30 22:32:47.303      1) WideQuick Runtime starting ===== $CompileDate: Feb  8 2021  15:59:41 $ --- $Revision: 1 $ --- $Date: 2008-09-29 09:26:05 +0200 (må, 29 sep 2008) $ --- $CompileType: RELEASE $ --- $QtV: 5.15.2 $
2021-04-30 22:33:01.855      8) WideQuick Remote shutdown (return code: 0) ===========================================
2021-04-30 22:34:16.844      1) WideQuick Runtime starting ===== $CompileDate: Feb  8 2021  15:59:41 $ --- $Revision: 1 $ --- $Date: 2008-09-29 09:26:05 +0200 (må, 29 sep 2008) $ --- $CompileType: RELEASE $ --- $QtV: 5.15.2 $
2021-04-30 22:34:23.916      8) WideQuick Remote shutdown (return code: 0) ===========================================
2021-04-30 22:35:41.962      1) WideQuick Runtime starting ===== $CompileDate: Feb  8 2021  15:59:41 $ --- $Revision: 1 $ --- $Date: 2008-09-29 09:26:05 +0200 (må, 29 sep 2008) $ --- $CompileType: RELEASE $ --- $QtV: 5.15.2 $
2021-04-30 22:35:52.585      8) WideQuick Remote shutdown (return code: 0) ===========================================
2021-04-30 22:36:09.031      1) WideQuick Runtime starting ===== $CompileDate: Feb  8 2021  15:59:41 $ --- $Revision: 1 $ --- $Date: 2008-09-29 09:26:05 +0200 (må, 29 sep 2008) $ --- $CompileType: RELEASE $ --- $QtV: 5.15.2 $
2021-04-30 22:36:26.617      8) WideQuick Remote shutdown (return code: 0) ===========================================
2021-04-30 22:36:33.016      1) WideQuick Runtime starting ===== $CompileDate: Feb  8 2021  15:59:41 $ --- $Revision: 1 $ --- $Date: 2008-09-29 09:26:05 +0200 (må, 29 sep 2008) $ --- $CompileType: RELEASE $ --- $QtV: 5.15.2 $
2021-04-30 22:36:43.658      8) WideQuick Remote shutdown (return code: 0) ===========================================
2021-04-30 22:37:05.500      1) WideQuick Runtime starting ===== $CompileDate: Feb  8 2021  15:59:41 $ --- $Revision: 1 $ --- $Date: 2008-09-29 09:26:05 +0200 (må, 29 sep 2008) $ --- $CompileType: RELEASE $ --- $QtV: 5.15.2 $
2021-04-30 22:37:10.031      8) WideQuick Remote shutdown (return code: 0) ===========================================
2021-04-30 22:37:23.284      8) WideQuick Remote shutdown (return code: 0) ===========================================
2021-04-30 22:37:23.780      8) WideQuick Remote shutdown (return code: 0) ===========================================
2021-04-30 22:38:47.177      1) WideQuick Runtime starting ===== $CompileDate: Feb  8 2021  15:59:41 $ --- $Revision: 1 $ --- $Date: 2008-09-29 09:26:05 +0200 (må, 29 sep 2008) $ --- $CompileType: RELEASE $ --- $QtV: 5.15.2 $
2021-04-30 22:38:53.793      8) WideQuick Remote shutdown (return code: 0) ===========================================
2021-04-30 22:40:03.548      1) WideQuick Runtime starting ===== $CompileDate: Feb  8 2021  15:59:41 $ --- $Revision: 1 $ --- $Date: 2008-09-29 09:26:05 +0200 (må, 29 sep 2008) $ --- $CompileType: RELEASE $ --- $QtV: 5.15.2 $
2021-04-30 22:40:15.187      8) WideQuick Remote shutdown (return code: 0) ===========================================
2021-04-30 22:41:00.883      1) WideQuick Runtime starting ===== $CompileDate: Feb  8 2021  15:59:41 $ --- $Revision: 1 $ --- $Date: 2008-09-29 09:26:05 +0200 (må, 29 sep 2008) $ --- $CompileType: RELEASE $ --- $QtV: 5.15.2 $
2021-04-30 22:41:12.487      8) WideQuick Remote shutdown (return code: 0) ===========================================
2021-04-30 22:42:29.612      1) WideQuick Runtime starting ===== $CompileDate: Feb  8 2021  15:59:41 $ --- $Revision: 1 $ --- $Date: 2008-09-29 09:26:05 +0200 (må, 29 sep 2008) $ --- $CompileType: RELEASE $ --- $QtV: 5.15.2 $
2021-04-30 22:42:45.175      8) WideQuick Remote shutdown (return code: 0) ===========================================
2021-04-30 22:43:36.394      1) WideQuick Runtime starting ===== $CompileDate: Feb  8 2021  15:59:41 $ --- $Revision: 1 $ --- $Date: 2008-09-29 09:26:05 +0200 (må, 29 sep 2008) $ --- $CompileType: RELEASE $ --- $QtV: 5.15.2 $
2021-04-30 22:43:43.433      8) WideQuick Remote shutdown (return code: 0) ===========================================
2021-04-30 22:46:21.881      1) WideQuick Runtime starting ===== $CompileDate: Feb  8 2021  15:59:41 $ --- $Revision: 1 $ --- $Date: 2008-09-29 09:26:05 +0200 (må, 29 sep 2008) $ --- $CompileType: RELEASE $ --- $QtV: 5.15.2 $
2021-04-30 22:46:32.437      8) WideQuick Remote shutdown (return code: 0) ===========================================
2021-04-30 22:47:16.597      1) WideQuick Runtime starting ===== $CompileDate: Feb  8 2021  15:59:41 $ --- $Revision: 1 $ --- $Date: 2008-09-29 09:26:05 +0200 (må, 29 sep 2008) $ --- $CompileType: RELEASE $ --- $QtV: 5.15.2 $
2021-04-30 22:47:34.230      8) WideQuick Remote shutdown (return code: 0) ===========================================
2021-04-30 22:49:05.097      1) WideQuick Runtime starting ===== $CompileDate: Feb  8 2021  15:59:41 $ --- $Revision: 1 $ --- $Date: 2008-09-29 09:26:05 +0200 (må, 29 sep 2008) $ --- $CompileType: RELEASE $ --- $QtV: 5.15.2 $
2021-04-30 22:49:14.722      8) WideQuick Remote shutdown (return code: 0) ===========================================
2021-04-30 22:50:01.439      1) WideQuick Runtime starting ===== $CompileDate: Feb  8 2021  15:59:41 $ --- $Revision: 1 $ --- $Date: 2008-09-29 09:26:05 +0200 (må, 29 sep 2008) $ --- $CompileType: RELEASE $ --- $QtV: 5.15.2 $
2021-04-30 22:50:07.080      8) WideQuick Remote shutdown (return code: 0) ===========================================
2021-04-30 22:56:20.798      1) WideQuick Runtime starting ===== $CompileDate: Feb  8 2021  15:59:41 $ --- $Revision: 1 $ --- $Date: 2008-09-29 09:26:05 +0200 (må, 29 sep 2008) $ --- $CompileType: RELEASE $ --- $QtV: 5.15.2 $
2021-04-30 22:56:27.359      8) WideQuick Remote shutdown (return code: 0) ===========================================
2021-04-30 22:56:36.178      1) WideQuick Runtime starting ===== $CompileDate: Feb  8 2021  15:59:41 $ --- $Revision: 1 $ --- $Date: 2008-09-29 09:26:05 +0200 (må, 29 sep 2008) $ --- $CompileType: RELEASE $ --- $QtV: 5.15.2 $
2021-04-30 22:56:45.735      8) WideQuick Remote shutdown (return code: 0) ===========================================
2021-04-30 22:57:53.320      1) WideQuick Runtime starting ===== $CompileDate: Feb  8 2021  15:59:41 $ --- $Revision: 1 $ --- $Date: 2008-09-29 09:26:05 +0200 (må, 29 sep 2008) $ --- $CompileType: RELEASE $ --- $QtV: 5.15.2 $
2021-04-30 22:58:03.000      8) WideQuick Remote shutdown (return code: 0) ===========================================
2021-04-30 23:04:26.882      1) WideQuick Runtime starting ===== $CompileDate: Feb  8 2021  15:59:41 $ --- $Revision: 1 $ --- $Date: 2008-09-29 09:26:05 +0200 (må, 29 sep 2008) $ --- $CompileType: RELEASE $ --- $QtV: 5.15.2 $
2021-04-30 23:05:11.509     11) WideQuick Remote shutdown (return code: 0) ===========================================
2021-04-30 23:18:52.371      1) WideQuick Runtime starting ===== $CompileDate: Feb  8 2021  15:59:41 $ --- $Revision: 1 $ --- $Date: 2008-09-29 09:26:05 +0200 (må, 29 sep 2008) $ --- $CompileType: RELEASE $ --- $QtV: 5.15.2 $
2021-04-30 23:19:19.481      9) WideQuick Remote shutdown (return code: 0) ===========================================
2021-04-30 23:20:44.125      1) WideQuick Runtime starting ===== $CompileDate: Feb  8 2021  15:59:41 $ --- $Revision: 1 $ --- $Date: 2008-09-29 09:26:05 +0200 (må, 29 sep 2008) $ --- $CompileType: RELEASE $ --- $QtV: 5.15.2 $
2021-04-30 23:21:29.758     11) WideQuick Remote shutdown (return code: 0) ===========================================
2021-04-30 23:28:17.848      1) WideQuick Runtime starting ===== $CompileDate: Feb  8 2021  15:59:41 $ --- $Revision: 1 $ --- $Date: 2008-09-29 09:26:05 +0200 (må, 29 sep 2008) $ --- $CompileType: RELEASE $ --- $QtV: 5.15.2 $
2021-04-30 23:30:53.237     17) WideQuick Remote shutdown (return code: 0) ===========================================
2021-04-30 23:31:00.134      1) WideQuick Runtime starting ===== $CompileDate: Feb  8 2021  15:59:41 $ --- $Revision: 1 $ --- $Date: 2008-09-29 09:26:05 +0200 (må, 29 sep 2008) $ --- $CompileType: RELEASE $ --- $QtV: 5.15.2 $
2021-04-30 23:32:57.906      8) WideQuick Remote shutdown (return code: 0) ===========================================
2021-04-30 23:32:59.790      1) WideQuick Runtime starting ===== $CompileDate: Feb  8 2021  15:59:41 $ --- $Revision: 1 $ --- $Date: 2008-09-29 09:26:05 +0200 (må, 29 sep 2008) $ --- $CompileType: RELEASE $ --- $QtV: 5.15.2 $
2021-04-30 23:33:54.566      8) WideQuick Remote shutdown (return code: 0) ===========================================
2021-04-30 23:33:56.218      1) WideQuick Runtime starting ===== $CompileDate: Feb  8 2021  15:59:41 $ --- $Revision: 1 $ --- $Date: 2008-09-29 09:26:05 +0200 (må, 29 sep 2008) $ --- $CompileType: RELEASE $ --- $QtV: 5.15.2 $
2021-04-30 23:34:14.296      8) WideQuick Remote shutdown (return code: 0) ===========================================
2021-04-30 23:34:41.439      1) WideQuick Runtime starting ===== $CompileDate: Feb  8 2021  15:59:41 $ --- $Revision: 1 $ --- $Date: 2008-09-29 09:26:05 +0200 (må, 29 sep 2008) $ --- $CompileType: RELEASE $ --- $QtV: 5.15.2 $
2021-04-30 23:34:59.048      8) WideQuick Remote shutdown (return code: 0) ===========================================
2021-04-30 23:35:48.365      1) WideQuick Runtime starting ===== $CompileDate: Feb  8 2021  15:59:41 $ --- $Revision: 1 $ --- $Date: 2008-09-29 09:26:05 +0200 (må, 29 sep 2008) $ --- $CompileType: RELEASE $ --- $QtV: 5.15.2 $
2021-04-30 23:36:27.494      8) WideQuick Remote shutdown (return code: 0) ===========================================
2021-04-30 23:36:29.785      1) WideQuick Runtime starting ===== $CompileDate: Feb  8 2021  15:59:41 $ --- $Revision: 1 $ --- $Date: 2008-09-29 09:26:05 +0200 (må, 29 sep 2008) $ --- $CompileType: RELEASE $ --- $QtV: 5.15.2 $
2021-04-30 23:41:58.293      8) WideQuick Remote shutdown (return code: 0) ===========================================
2021-04-30 23:42:03.414      1) WideQuick Runtime starting ===== $CompileDate: Feb  8 2021  15:59:41 $ --- $Revision: 1 $ --- $Date: 2008-09-29 09:26:05 +0200 (må, 29 sep 2008) $ --- $CompileType: RELEASE $ --- $QtV: 5.15.2 $
2021-05-01 08:02:33.012      1) WideQuick Runtime starting ===== $CompileDate: Feb  8 2021  15:59:41 $ --- $Revision: 1 $ --- $Date: 2008-09-29 09:26:05 +0200 (må, 29 sep 2008) $ --- $CompileType: RELEASE $ --- $QtV: 5.15.2 $
2021-05-01 08:03:08.274      8) WideQuick Remote shutdown (return code: 0) ===========================================
2021-05-01 08:06:51.714      1) WideQuick Runtime starting ===== $CompileDate: Feb  8 2021  15:59:41 $ --- $Revision: 1 $ --- $Date: 2008-09-29 09:26:05 +0200 (må, 29 sep 2008) $ --- $CompileType: RELEASE $ --- $QtV: 5.15.2 $
2021-05-01 08:07:23.720     11) WideQuick Remote shutdown (return code: 0) ===========================================
2021-05-01 08:07:24.392      8) WideQuick Remote shutdown (return code: 0) ===========================================
2021-05-01 08:07:50.368      1) WideQuick Runtime starting ===== $CompileDate: Feb  8 2021  15:59:41 $ --- $Revision: 1 $ --- $Date: 2008-09-29 09:26:05 +0200 (må, 29 sep 2008) $ --- $CompileType: RELEASE $ --- $QtV: 5.15.2 $
2021-05-01 08:08:01.929      8) WideQuick Remote shutdown (return code: 0) ===========================================
2021-05-01 08:12:33.430      1) WideQuick Runtime starting ===== $CompileDate: Feb  8 2021  15:59:41 $ --- $Revision: 1 $ --- $Date: 2008-09-29 09:26:05 +0200 (må, 29 sep 2008) $ --- $CompileType: RELEASE $ --- $QtV: 5.15.2 $
2021-05-01 08:12:43.092      8) WideQuick Remote shutdown (return code: 0) ===========================================
2021-05-01 08:13:59.913      1) WideQuick Runtime starting ===== $CompileDate: Feb  8 2021  15:59:41 $ --- $Revision: 1 $ --- $Date: 2008-09-29 09:26:05 +0200 (må, 29 sep 2008) $ --- $CompileType: RELEASE $ --- $QtV: 5.15.2 $
2021-05-01 08:14:31.503     11) WideQuick Remote shutdown (return code: 0) ===========================================
2021-05-01 08:15:03.070      1) WideQuick Runtime starting ===== $CompileDate: Feb  8 2021  15:59:41 $ --- $Revision: 1 $ --- $Date: 2008-09-29 09:26:05 +0200 (må, 29 sep 2008) $ --- $CompileType: RELEASE $ --- $QtV: 5.15.2 $
2021-05-01 08:15:27.738      8) WideQuick Remote shutdown (return code: 0) ===========================================
2021-05-01 08:22:21.315      1) WideQuick Runtime starting ===== $CompileDate: Feb  8 2021  15:59:41 $ --- $Revision: 1 $ --- $Date: 2008-09-29 09:26:05 +0200 (må, 29 sep 2008) $ --- $CompileType: RELEASE $ --- $QtV: 5.15.2 $
2021-05-01 08:22:59.439     11) WideQuick Remote shutdown (return code: 0) ===========================================
2021-05-01 08:23:23.257      1) WideQuick Runtime starting ===== $CompileDate: Feb  8 2021  15:59:41 $ --- $Revision: 1 $ --- $Date: 2008-09-29 09:26:05 +0200 (må, 29 sep 2008) $ --- $CompileType: RELEASE $ --- $QtV: 5.15.2 $
2021-05-01 08:23:42.851     11) WideQuick Remote shutdown (return code: 0) ===========================================
2021-05-01 08:31:13.919      1) WideQuick Runtime starting ===== $CompileDate: Feb  8 2021  15:59:41 $ --- $Revision: 1 $ --- $Date: 2008-09-29 09:26:05 +0200 (må, 29 sep 2008) $ --- $CompileType: RELEASE $ --- $QtV: 5.15.2 $
2021-05-01 08:31:31.513     11) WideQuick Remote shutdown (return code: 0) ===========================================
2021-05-01 08:33:53.014      1) WideQuick Runtime starting ===== $CompileDate: Feb  8 2021  15:59:41 $ --- $Revision: 1 $ --- $Date: 2008-09-29 09:26:05 +0200 (må, 29 sep 2008) $ --- $CompileType: RELEASE $ --- $QtV: 5.15.2 $
2021-05-01 08:34:29.134     11) WideQuick Remote shutdown (return code: 0) ===========================================
2021-05-01 08:37:27.793      1) WideQuick Runtime starting ===== $CompileDate: Feb  8 2021  15:59:41 $ --- $Revision: 1 $ --- $Date: 2008-09-29 09:26:05 +0200 (må, 29 sep 2008) $ --- $CompileType: RELEASE $ --- $QtV: 5.15.2 $
2021-05-01 08:37:44.471     11) WideQuick Remote shutdown (return code: 0) ===========================================
2021-05-01 08:42:18.713      1) WideQuick Runtime starting ===== $CompileDate: Feb  8 2021  15:59:41 $ --- $Revision: 1 $ --- $Date: 2008-09-29 09:26:05 +0200 (må, 29 sep 2008) $ --- $CompileType: RELEASE $ --- $QtV: 5.15.2 $
2021-05-01 08:42:44.874     11) WideQuick Remote shutdown (return code: 0) ===========================================
2021-05-01 08:43:31.056      1) WideQuick Runtime starting ===== $CompileDate: Feb  8 2021  15:59:41 $ --- $Revision: 1 $ --- $Date: 2008-09-29 09:26:05 +0200 (må, 29 sep 2008) $ --- $CompileType: RELEASE $ --- $QtV: 5.15.2 $
2021-05-01 08:43:57.166     11) WideQuick Remote shutdown (return code: 0) ===========================================
2021-05-01 08:44:20.670      1) WideQuick Runtime starting ===== $CompileDate: Feb  8 2021  15:59:41 $ --- $Revision: 1 $ --- $Date: 2008-09-29 09:26:05 +0200 (må, 29 sep 2008) $ --- $CompileType: RELEASE $ --- $QtV: 5.15.2 $
2021-05-01 08:44:44.757     11) WideQuick Remote shutdown (return code: 0) ===========================================
2021-05-01 08:45:50.155      1) WideQuick Runtime starting ===== $CompileDate: Feb  8 2021  15:59:41 $ --- $Revision: 1 $ --- $Date: 2008-09-29 09:26:05 +0200 (må, 29 sep 2008) $ --- $CompileType: RELEASE $ --- $QtV: 5.15.2 $
2021-05-01 08:46:20.267     11) WideQuick Remote shutdown (return code: 0) ===========================================
2021-05-01 08:46:59.077      1) WideQuick Runtime starting ===== $CompileDate: Feb  8 2021  15:59:41 $ --- $Revision: 1 $ --- $Date: 2008-09-29 09:26:05 +0200 (må, 29 sep 2008) $ --- $CompileType: RELEASE $ --- $QtV: 5.15.2 $
2021-05-01 08:47:23.168     11) WideQuick Remote shutdown (return code: 0) ===========================================
2021-05-01 08:48:07.511      1) WideQuick Runtime starting ===== $CompileDate: Feb  8 2021  15:59:41 $ --- $Revision: 1 $ --- $Date: 2008-09-29 09:26:05 +0200 (må, 29 sep 2008) $ --- $CompileType: RELEASE $ --- $QtV: 5.15.2 $
2021-05-01 08:48:22.597     11) WideQuick Remote shutdown (return code: 0) ===========================================
2021-05-01 08:49:00.297      1) WideQuick Runtime starting ===== $CompileDate: Feb  8 2021  15:59:41 $ --- $Revision: 1 $ --- $Date: 2008-09-29 09:26:05 +0200 (må, 29 sep 2008) $ --- $CompileType: RELEASE $ --- $QtV: 5.15.2 $
2021-05-01 08:49:27.532     11) WideQuick Remote shutdown (return code: 0) ===========================================
2021-05-01 08:51:15.895      1) WideQuick Runtime starting ===== $CompileDate: Feb  8 2021  15:59:41 $ --- $Revision: 1 $ --- $Date: 2008-09-29 09:26:05 +0200 (må, 29 sep 2008) $ --- $CompileType: RELEASE $ --- $QtV: 5.15.2 $
2021-05-01 08:51:53.035     17) WideQuick Remote shutdown (return code: 0) ===========================================
2021-05-01 08:55:00.880      1) WideQuick Runtime starting ===== $CompileDate: Feb  8 2021  15:59:41 $ --- $Revision: 1 $ --- $Date: 2008-09-29 09:26:05 +0200 (må, 29 sep 2008) $ --- $CompileType: RELEASE $ --- $QtV: 5.15.2 $
2021-05-01 08:55:17.826     11) WideQuick Remote shutdown (return code: 0) ===========================================
2021-05-01 08:55:42.966      1) WideQuick Runtime starting ===== $CompileDate: Feb  8 2021  15:59:41 $ --- $Revision: 1 $ --- $Date: 2008-09-29 09:26:05 +0200 (må, 29 sep 2008) $ --- $CompileType: RELEASE $ --- $QtV: 5.15.2 $
2021-05-01 08:55:58.111      8) WideQuick Remote shutdown (return code: 0) ===========================================
2021-05-01 08:56:32.134      1) WideQuick Runtime starting ===== $CompileDate: Feb  8 2021  15:59:41 $ --- $Revision: 1 $ --- $Date: 2008-09-29 09:26:05 +0200 (må, 29 sep 2008) $ --- $CompileType: RELEASE $ --- $QtV: 5.15.2 $
2021-05-01 08:56:41.751      8) WideQuick Remote shutdown (return code: 0) ===========================================
2021-05-01 08:57:03.733      1) WideQuick Runtime starting ===== $CompileDate: Feb  8 2021  15:59:41 $ --- $Revision: 1 $ --- $Date: 2008-09-29 09:26:05 +0200 (må, 29 sep 2008) $ --- $CompileType: RELEASE $ --- $QtV: 5.15.2 $
2021-05-01 08:59:23.485      1) WideQuick Runtime starting ===== $CompileDate: Feb  8 2021  15:59:41 $ --- $Revision: 1 $ --- $Date: 2008-09-29 09:26:05 +0200 (må, 29 sep 2008) $ --- $CompileType: RELEASE $ --- $QtV: 5.15.2 $
2021-05-01 08:59:38.169      8) WideQuick Remote shutdown (return code: 0) ===========================================
2021-05-01 08:59:38.735     11) WideQuick Remote shutdown (return code: 0) ===========================================
2021-05-01 09:01:13.018      1) WideQuick Runtime starting ===== $CompileDate: Feb  8 2021  15:59:41 $ --- $Revision: 1 $ --- $Date: 2008-09-29 09:26:05 +0200 (må, 29 sep 2008) $ --- $CompileType: RELEASE $ --- $QtV: 5.15.2 $
2021-05-01 09:01:58.536     10) WideQuick Remote shutdown (return code: 0) ===========================================
2021-05-01 09:02:26.449      1) WideQuick Runtime starting ===== $CompileDate: Feb  8 2021  15:59:41 $ --- $Revision: 1 $ --- $Date: 2008-09-29 09:26:05 +0200 (må, 29 sep 2008) $ --- $CompileType: RELEASE $ --- $QtV: 5.15.2 $
2021-05-01 09:09:12.012     26) WideQuick Remote shutdown (return code: 0) ===========================================
2021-05-01 09:09:42.074      1) WideQuick Runtime starting ===== $CompileDate: Feb  8 2021  15:59:41 $ --- $Revision: 1 $ --- $Date: 2008-09-29 09:26:05 +0200 (må, 29 sep 2008) $ --- $CompileType: RELEASE $ --- $QtV: 5.15.2 $
2021-05-01 09:27:34.896     11) WideQuick Remote shutdown (return code: 0) ===========================================
2021-05-01 09:27:37.505      1) WideQuick Runtime starting ===== $CompileDate: Feb  8 2021  15:59:41 $ --- $Revision: 1 $ --- $Date: 2008-09-29 09:26:05 +0200 (må, 29 sep 2008) $ --- $CompileType: RELEASE $ --- $QtV: 5.15.2 $
2021-05-01 09:28:07.732     11) WideQuick Remote shutdown (return code: 0) ===========================================
2021-05-01 09:32:26.980      1) WideQuick Runtime starting ===== $CompileDate: Feb  8 2021  15:59:41 $ --- $Revision: 1 $ --- $Date: 2008-09-29 09:26:05 +0200 (må, 29 sep 2008) $ --- $CompileType: RELEASE $ --- $QtV: 5.15.2 $
2021-05-01 09:33:41.223     14) WideQuick Remote shutdown (return code: 0) ===========================================
2021-05-01 09:36:17.937      1) WideQuick Runtime starting ===== $CompileDate: Feb  8 2021  15:59:41 $ --- $Revision: 1 $ --- $Date: 2008-09-29 09:26:05 +0200 (må, 29 sep 2008) $ --- $CompileType: RELEASE $ --- $QtV: 5.15.2 $
2021-05-01 09:36:58.684     11) WideQuick Remote shutdown (return code: 0) ===========================================
2021-05-01 09:38:05.633      1) WideQuick Runtime starting ===== $CompileDate: Feb  8 2021  15:59:41 $ --- $Revision: 1 $ --- $Date: 2008-09-29 09:26:05 +0200 (må, 29 sep 2008) $ --- $CompileType: RELEASE $ --- $QtV: 5.15.2 $
2021-05-01 09:39:59.662     45) WideQuick Remote shutdown (return code: 0) ===========================================
2021-05-01 09:41:12.103      1) WideQuick Runtime starting ===== $CompileDate: Feb  8 2021  15:59:41 $ --- $Revision: 1 $ --- $Date: 2008-09-29 09:26:05 +0200 (må, 29 sep 2008) $ --- $CompileType: RELEASE $ --- $QtV: 5.15.2 $
2021-05-01 09:42:22.297     17) WideQuick Remote shutdown (return code: 0) ===========================================
2021-05-01 09:47:44.284      1) WideQuick Runtime starting ===== $CompileDate: Feb  8 2021  15:59:41 $ --- $Revision: 1 $ --- $Date: 2008-09-29 09:26:05 +0200 (må, 29 sep 2008) $ --- $CompileType: RELEASE $ --- $QtV: 5.15.2 $
2021-05-01 09:48:51.492     12) WideQuick Remote shutdown (return code: 0) ===========================================
2021-05-01 09:55:42.566      1) WideQuick Runtime starting ===== $CompileDate: Feb  8 2021  15:59:41 $ --- $Revision: 1 $ --- $Date: 2008-09-29 09:26:05 +0200 (må, 29 sep 2008) $ --- $CompileType: RELEASE $ --- $QtV: 5.15.2 $
2021-05-01 09:56:07.685      8) WideQuick Remote shutdown (return code: 0) ===========================================
2021-05-01 09:56:24.483      1) WideQuick Runtime starting ===== $CompileDate: Feb  8 2021  15:59:41 $ --- $Revision: 1 $ --- $Date: 2008-09-29 09:26:05 +0200 (må, 29 sep 2008) $ --- $CompileType: RELEASE $ --- $QtV: 5.15.2 $
2021-05-01 09:57:12.154     14) WideQuick Remote shutdown (return code: 0) ===========================================
2021-05-01 10:23:58.084      1) WideQuick Runtime starting ===== $CompileDate: Feb  8 2021  15:59:41 $ --- $Revision: 1 $ --- $Date: 2008-09-29 09:26:05 +0200 (må, 29 sep 2008) $ --- $CompileType: RELEASE $ --- $QtV: 5.15.2 $
2021-05-01 10:24:48.208      8) WideQuick Remote shutdown (return code: 0) ===========================================
2021-05-01 10:25:50.098      1) WideQuick Runtime starting ===== $CompileDate: Feb  8 2021  15:59:41 $ --- $Revision: 1 $ --- $Date: 2008-09-29 09:26:05 +0200 (må, 29 sep 2008) $ --- $CompileType: RELEASE $ --- $QtV: 5.15.2 $
2021-05-01 10:27:35.474     14) WideQuick Remote shutdown (return code: 0) ===========================================
2021-05-01 10:27:46.110      1) WideQuick Runtime starting ===== $CompileDate: Feb  8 2021  15:59:41 $ --- $Revision: 1 $ --- $Date: 2008-09-29 09:26:05 +0200 (må, 29 sep 2008) $ --- $CompileType: RELEASE $ --- $QtV: 5.15.2 $
2021-05-01 10:32:43.217     14) WideQuick Remote shutdown (return code: 0) ===========================================
2021-05-01 11:29:25.512      1) WideQuick Runtime starting ===== $CompileDate: Feb  8 2021  15:59:41 $ --- $Revision: 1 $ --- $Date: 2008-09-29 09:26:05 +0200 (må, 29 sep 2008) $ --- $CompileType: RELEASE $ --- $QtV: 5.15.2 $
2021-05-01 11:32:18.641     17) WideQuick Remote shutdown (return code: 0) ===========================================
2021-05-01 11:32:38.609      1) WideQuick Runtime starting ===== $CompileDate: Feb  8 2021  15:59:41 $ --- $Revision: 1 $ --- $Date: 2008-09-29 09:26:05 +0200 (må, 29 sep 2008) $ --- $CompileType: RELEASE $ --- $QtV: 5.15.2 $
2021-05-01 11:35:41.706     13) WideQuick Remote shutdown (return code: 0) ===========================================
2021-05-01 11:35:44.522      1) WideQuick Runtime starting ===== $CompileDate: Feb  8 2021  15:59:41 $ --- $Revision: 1 $ --- $Date: 2008-09-29 09:26:05 +0200 (må, 29 sep 2008) $ --- $CompileType: RELEASE $ --- $QtV: 5.15.2 $
2021-05-01 11:36:29.686      9) WideQuick Remote shutdown (return code: 0) ===========================================
2021-05-01 11:37:21.537      1) WideQuick Runtime starting ===== $CompileDate: Feb  8 2021  15:59:41 $ --- $Revision: 1 $ --- $Date: 2008-09-29 09:26:05 +0200 (må, 29 sep 2008) $ --- $CompileType: RELEASE $ --- $QtV: 5.15.2 $
2021-05-01 11:42:13.502     13) WideQuick Remote shutdown (return code: 0) ===========================================
2021-05-01 11:45:54.221      1) WideQuick Runtime starting ===== $CompileDate: Feb  8 2021  15:59:41 $ --- $Revision: 1 $ --- $Date: 2008-09-29 09:26:05 +0200 (må, 29 sep 2008) $ --- $CompileType: RELEASE $ --- $QtV: 5.15.2 $
2021-05-01 22:04:46.214     13) WideQuick Remote shutdown (return code: 0) ===========================================
2021-05-02 15:04:40.772      1) WideQuick Runtime starting ===== $CompileDate: Feb  8 2021  15:59:41 $ --- $Revision: 1 $ --- $Date: 2008-09-29 09:26:05 +0200 (må, 29 sep 2008) $ --- $CompileType: RELEASE $ --- $QtV: 5.15.2 $
2021-05-02 15:04:53.361      6) WideQuick Remote shutdown (return code: 0) ===========================================
2021-05-02 15:05:21.216      1) WideQuick Runtime starting ===== $CompileDate: Feb  8 2021  15:59:41 $ --- $Revision: 1 $ --- $Date: 2008-09-29 09:26:05 +0200 (må, 29 sep 2008) $ --- $CompileType: RELEASE $ --- $QtV: 5.15.2 $
2021-05-02 15:08:37.645      6) WideQuick Remote shutdown (return code: 0) ===========================================
2021-05-02 15:11:33.375      1) WideQuick Runtime starting ===== $CompileDate: Feb  8 2021  15:59:41 $ --- $Revision: 1 $ --- $Date: 2008-09-29 09:26:05 +0200 (må, 29 sep 2008) $ --- $CompileType: RELEASE $ --- $QtV: 5.15.2 $
2021-05-02 15:12:48.220      6) WideQuick Remote shutdown (return code: 0) ===========================================
2021-05-02 15:14:56.018      1) WideQuick Runtime starting ===== $CompileDate: Feb  8 2021  15:59:41 $ --- $Revision: 1 $ --- $Date: 2008-09-29 09:26:05 +0200 (må, 29 sep 2008) $ --- $CompileType: RELEASE $ --- $QtV: 5.15.2 $
2021-05-02 15:15:16.663      6) WideQuick Remote shutdown (return code: 0) ===========================================
2021-05-02 15:18:15.456      1) WideQuick Runtime starting ===== $CompileDate: Feb  8 2021  15:59:41 $ --- $Revision: 1 $ --- $Date: 2008-09-29 09:26:05 +0200 (må, 29 sep 2008) $ --- $CompileType: RELEASE $ --- $QtV: 5.15.2 $
2021-05-02 15:20:59.767      6) WideQuick Remote shutdown (return code: 0) ===========================================
2021-05-02 15:21:18.023      1) WideQuick Runtime starting ===== $CompileDate: Feb  8 2021  15:59:41 $ --- $Revision: 1 $ --- $Date: 2008-09-29 09:26:05 +0200 (må, 29 sep 2008) $ --- $CompileType: RELEASE $ --- $QtV: 5.15.2 $
2021-05-02 15:21:48.655      6) WideQuick Remote shutdown (return code: 0) ===========================================
2021-05-02 15:25:12.368      1) WideQuick Runtime starting ===== $CompileDate: Feb  8 2021  15:59:41 $ --- $Revision: 1 $ --- $Date: 2008-09-29 09:26:05 +0200 (må, 29 sep 2008) $ --- $CompileType: RELEASE $ --- $QtV: 5.15.2 $
2021-05-02 15:28:35.963      6) WideQuick Remote shutdown (return code: 0) ===========================================
2021-05-02 15:30:56.013      1) WideQuick Runtime starting ===== $CompileDate: Feb  8 2021  15:59:41 $ --- $Revision: 1 $ --- $Date: 2008-09-29 09:26:05 +0200 (må, 29 sep 2008) $ --- $CompileType: RELEASE $ --- $QtV: 5.15.2 $
2021-05-02 15:31:37.135      7) WideQuick Remote shutdown (return code: 0) ===========================================
2021-05-02 15:32:59.853      1) WideQuick Runtime starting ===== $CompileDate: Feb  8 2021  15:59:41 $ --- $Revision: 1 $ --- $Date: 2008-09-29 09:26:05 +0200 (må, 29 sep 2008) $ --- $CompileType: RELEASE $ --- $QtV: 5.15.2 $
2021-05-02 15:33:52.006      7) WideQuick Remote shutdown (return code: 0) ===========================================
2021-05-02 19:01:59.617      1) WideQuick Runtime starting ===== $CompileDate: Feb  8 2021  15:59:41 $ --- $Revision: 1 $ --- $Date: 2008-09-29 09:26:05 +0200 (må, 29 sep 2008) $ --- $CompileType: RELEASE $ --- $QtV: 5.15.2 $
2021-05-02 19:02:12.857      1) WideQuick Runtime starting ===== $CompileDate: Feb  8 2021  15:59:41 $ --- $Revision: 1 $ --- $Date: 2008-09-29 09:26:05 +0200 (må, 29 sep 2008) $ --- $CompileType: RELEASE $ --- $QtV: 5.15.2 $
2021-05-02 19:02:21.303      6) WideQuick Remote shutdown (return code: 0) ===========================================
2021-05-02 19:02:21.418     13) WideQuick Remote shutdown (return code: 0) ===========================================
2021-05-02 19:02:54.258      1) WideQuick Runtime starting ===== $CompileDate: Feb  8 2021  15:59:41 $ --- $Revision: 1 $ --- $Date: 2008-09-29 09:26:05 +0200 (må, 29 sep 2008) $ --- $CompileType: RELEASE $ --- $QtV: 5.15.2 $
2021-05-02 19:03:01.384      1) WideQuick Runtime starting ===== $CompileDate: Feb  8 2021  15:59:41 $ --- $Revision: 1 $ --- $Date: 2008-09-29 09:26:05 +0200 (må, 29 sep 2008) $ --- $CompileType: RELEASE $ --- $QtV: 5.15.2 $
2021-05-02 19:03:16.896      6) WideQuick Remote shutdown (return code: 0) ===========================================
2021-05-02 19:03:17.059      6) WideQuick Remote shutdown (return code: 0) ===========================================
2021-05-02 19:03:20.961      1) WideQuick Runtime starting ===== $CompileDate: Feb  8 2021  15:59:41 $ --- $Revision: 1 $ --- $Date: 2008-09-29 09:26:05 +0200 (må, 29 sep 2008) $ --- $CompileType: RELEASE $ --- $QtV: 5.15.2 $
2021-05-02 19:04:03.102      7) WideQuick Remote shutdown (return code: 0) ===========================================
2021-05-02 19:04:33.169      1) WideQuick Runtime starting ===== $CompileDate: Feb  8 2021  15:59:41 $ --- $Revision: 1 $ --- $Date: 2008-09-29 09:26:05 +0200 (må, 29 sep 2008) $ --- $CompileType: RELEASE $ --- $QtV: 5.15.2 $
2021-05-02 19:04:45.768      6) WideQuick Remote shutdown (return code: 0) ===========================================
2021-05-02 19:05:30.943      1) WideQuick Runtime starting ===== $CompileDate: Feb  8 2021  15:59:41 $ --- $Revision: 1 $ --- $Date: 2008-09-29 09:26:05 +0200 (må, 29 sep 2008) $ --- $CompileType: RELEASE $ --- $QtV: 5.15.2 $
2021-05-02 19:05:42.664      1) WideQuick Runtime starting ===== $CompileDate: Feb  8 2021  15:59:41 $ --- $Revision: 1 $ --- $Date: 2008-09-29 09:26:05 +0200 (må, 29 sep 2008) $ --- $CompileType: RELEASE $ --- $QtV: 5.15.2 $
2021-05-02 19:05:55.971      1) WideQuick Runtime starting ===== $CompileDate: Feb  8 2021  15:59:41 $ --- $Revision: 1 $ --- $Date: 2008-09-29 09:26:05 +0200 (må, 29 sep 2008) $ --- $CompileType: RELEASE $ --- $QtV: 5.15.2 $
2021-05-02 19:06:46.632      7) WideQuick Remote shutdown (return code: 0) ===========================================
2021-05-02 19:06:46.904      7) WideQuick Remote shutdown (return code: 0) ===========================================
2021-05-02 19:06:48.535      7) WideQuick Remote shutdown (return code: 0) ===========================================
2021-05-02 19:20:37.321      1) WideQuick Runtime starting ===== $CompileDate: Feb  8 2021  15:59:41 $ --- $Revision: 1 $ --- $Date: 2008-09-29 09:26:05 +0200 (må, 29 sep 2008) $ --- $CompileType: RELEASE $ --- $QtV: 5.15.2 $
2021-05-02 19:21:48.002      7) WideQuick Remote shutdown (return code: 0) ===========================================
2021-05-02 19:32:59.061      1) WideQuick Runtime starting ===== $CompileDate: Feb  8 2021  15:59:41 $ --- $Revision: 1 $ --- $Date: 2008-09-29 09:26:05 +0200 (må, 29 sep 2008) $ --- $CompileType: RELEASE $ --- $QtV: 5.15.2 $
2021-05-02 19:33:23.664      6) WideQuick Remote shutdown (return code: 0) ===========================================
2021-05-02 19:33:25.872      1) WideQuick Runtime starting ===== $CompileDate: Feb  8 2021  15:59:41 $ --- $Revision: 1 $ --- $Date: 2008-09-29 09:26:05 +0200 (må, 29 sep 2008) $ --- $CompileType: RELEASE $ --- $QtV: 5.15.2 $
2021-05-02 19:33:59.034      8) WideQuick Remote shutdown (return code: 0) ===========================================
2021-05-02 19:44:12.385      1) WideQuick Runtime starting ===== $CompileDate: Feb  8 2021  15:59:41 $ --- $Revision: 1 $ --- $Date: 2008-09-29 09:26:05 +0200 (må, 29 sep 2008) $ --- $CompileType: RELEASE $ --- $QtV: 5.15.2 $
2021-05-02 19:44:23.030      6) WideQuick Remote shutdown (return code: 0) ===========================================
2021-05-02 19:45:42.618      1) WideQuick Runtime starting ===== $CompileDate: Feb  8 2021  15:59:41 $ --- $Revision: 1 $ --- $Date: 2008-09-29 09:26:05 +0200 (må, 29 sep 2008) $ --- $CompileType: RELEASE $ --- $QtV: 5.15.2 $
2021-05-02 19:59:02.970     16) WideQuick Remote shutdown (return code: 0) ===========================================
2021-05-02 20:23:02.725      1) WideQuick Runtime starting ===== $CompileDate: Feb  8 2021  15:59:41 $ --- $Revision: 1 $ --- $Date: 2008-09-29 09:26:05 +0200 (må, 29 sep 2008) $ --- $CompileType: RELEASE $ --- $QtV: 5.15.2 $
2021-05-02 20:23:33.348      1) WideQuick Runtime starting ===== $CompileDate: Feb  8 2021  15:59:41 $ --- $Revision: 1 $ --- $Date: 2008-09-29 09:26:05 +0200 (må, 29 sep 2008) $ --- $CompileType: RELEASE $ --- $QtV: 5.15.2 $
2021-05-03 08:30:17.253     14) WideQuick Remote shutdown (return code: 0) ===========================================
2021-05-03 08:30:17.406      8) WideQuick Remote shutdown (return code: 0) ===========================================
2021-05-03 08:55:21.241      1) WideQuick Runtime starting ===== $CompileDate: Feb  8 2021  15:59:41 $ --- $Revision: 1 $ --- $Date: 2008-09-29 09:26:05 +0200 (må, 29 sep 2008) $ --- $CompileType: RELEASE $ --- $QtV: 5.15.2 $
2021-05-03 08:55:40.943      7) WideQuick Remote shutdown (return code: 0) ===========================================
2021-05-03 08:56:04.575      1) WideQuick Runtime starting ===== $CompileDate: Feb  8 2021  15:59:41 $ --- $Revision: 1 $ --- $Date: 2008-09-29 09:26:05 +0200 (må, 29 sep 2008) $ --- $CompileType: RELEASE $ --- $QtV: 5.15.2 $
2021-05-03 08:58:08.759     10) WideQuick Remote shutdown (return code: 0) ===========================================
2021-05-03 08:58:50.470      1) WideQuick Runtime starting ===== $CompileDate: Feb  8 2021  15:59:41 $ --- $Revision: 1 $ --- $Date: 2008-09-29 09:26:05 +0200 (må, 29 sep 2008) $ --- $CompileType: RELEASE $ --- $QtV: 5.15.2 $
2021-05-03 09:01:36.659      1) WideQuick Runtime starting ===== $CompileDate: Feb  8 2021  15:59:41 $ --- $Revision: 1 $ --- $Date: 2008-09-29 09:26:05 +0200 (må, 29 sep 2008) $ --- $CompileType: RELEASE $ --- $QtV: 5.15.2 $
2021-05-03 09:01:55.351      6) WideQuick Remote shutdown (return code: 0) ===========================================
2021-05-03 09:11:58.320      8) WideQuick Remote shutdown (return code: 0) ===========================================
2021-05-03 11:51:35.065      1) WideQuick Runtime starting ===== $CompileDate: Feb  8 2021  15:59:41 $ --- $Revision: 1 $ --- $Date: 2008-09-29 09:26:05 +0200 (må, 29 sep 2008) $ --- $CompileType: RELEASE $ --- $QtV: 5.15.2 $
2021-05-03 11:51:48.666      6) WideQuick Remote shutdown (return code: 0) ===========================================
2021-05-10 14:26:07.916      1) WideQuick Runtime starting ===== $CompileDate: Feb  8 2021  15:59:41 $ --- $Revision: 1 $ --- $Date: 2008-09-29 09:26:05 +0200 (må, 29 sep 2008) $ --- $CompileType: RELEASE $ --- $QtV: 5.15.2 $
2021-05-10 14:26:21.259      7) WideQuick Remote shutdown (return code: 0) ===========================================
2021-05-10 14:26:46.887      1) WideQuick Runtime starting ===== $CompileDate: Feb  8 2021  15:59:41 $ --- $Revision: 1 $ --- $Date: 2008-09-29 09:26:05 +0200 (må, 29 sep 2008) $ --- $CompileType: RELEASE $ --- $QtV: 5.15.2 $
2021-05-10 14:26:49.943      7) CAlarmBase::InitAlarms - No IP-address found in remote systems definition file!
2021-05-10 14:27:07.477     17) WideQuick Remote shutdown (return code: 0) ===========================================
2021-05-14 10:25:32.483      1) WideQuick Runtime starting ===== $CompileDate: Feb  8 2021  15:59:41 $ --- $Revision: 1 $ --- $Date: 2008-09-29 09:26:05 +0200 (må, 29 sep 2008) $ --- $CompileType: RELEASE $ --- $QtV: 5.15.2 $
2021-05-14 10:26:05.802      8) WideQuick Remote shutdown (return code: 0) ===========================================
2021-05-14 11:50:45.829      1) WideQuick Runtime starting ===== $CompileDate: Feb  8 2021  15:59:41 $ --- $Revision: 1 $ --- $Date: 2008-09-29 09:26:05 +0200 (må, 29 sep 2008) $ --- $CompileType: RELEASE $ --- $QtV: 5.15.2 $
2021-05-14 11:51:02.373     14) WideQuick Remote shutdown (return code: 0) ===========================================
2021-05-14 11:51:24.034      1) WideQuick Runtime starting ===== $CompileDate: Feb  8 2021  15:59:41 $ --- $Revision: 1 $ --- $Date: 2008-09-29 09:26:05 +0200 (må, 29 sep 2008) $ --- $CompileType: RELEASE $ --- $QtV: 5.15.2 $
2021-05-14 11:51:31.604     13) WideQuick Remote shutdown (return code: 0) ===========================================
2021-05-14 11:58:38.139      1) WideQuick Runtime starting ===== $CompileDate: Feb  8 2021  15:59:41 $ --- $Revision: 1 $ --- $Date: 2008-09-29 09:26:05 +0200 (må, 29 sep 2008) $ --- $CompileType: RELEASE $ --- $QtV: 5.15.2 $
2021-05-14 11:59:14.698      7) WideQuick Remote shutdown (return code: 0) ===========================================
2021-05-27 22:14:12.740      1) WideQuick Runtime starting ===== $CompileDate: Feb  8 2021  15:59:41 $ --- $Revision: 1 $ --- $Date: 2008-09-29 09:26:05 +0200 (må, 29 sep 2008) $ --- $CompileType: RELEASE $ --- $QtV: 5.15.2 $
2021-05-27 22:15:47.049     15) WideQuick Remote shutdown (return code: 0) ===========================================
2021-06-30 12:53:03.087      1) WideQuick Runtime starting ===== $CompileDate: Jun  2 2021  16:15:18 $ --- $Revision: 1 $ --- $Date: 2008-09-29 09:26:05 +0200 (må, 29 sep 2008) $ --- $CompileType: RELEASE $ --- $QtV: 5.15.2 $
2021-06-30 13:37:02.826      8) WideQuick Remote shutdown (return code: 0) ===========================================
2021-07-01 14:45:16.558      1) WideQuick Runtime starting ===== $CompileDate: Jun  2 2021  16:15:18 $ --- $Revision: 1 $ --- $Date: 2008-09-29 09:26:05 +0200 (må, 29 sep 2008) $ --- $CompileType: RELEASE $ --- $QtV: 5.15.2 $
2021-07-01 14:46:25.154      5) WideQuick Remote shutdown (return code: 0) ===========================================
2021-07-01 14:49:41.570      1) WideQuick Runtime starting ===== $CompileDate: Jun  2 2021  16:15:18 $ --- $Revision: 1 $ --- $Date: 2008-09-29 09:26:05 +0200 (må, 29 sep 2008) $ --- $CompileType: RELEASE $ --- $QtV: 5.15.2 $
2021-07-01 14:50:59.170      7) WideQuick Remote shutdown (return code: 0) ===========================================
2021-07-05 11:05:03.737      1) WideQuick Runtime starting ===== $CompileDate: Jun  2 2021  16:15:18 $ --- $Revision: 1 $ --- $Date: 2008-09-29 09:26:05 +0200 (må, 29 sep 2008) $ --- $CompileType: RELEASE $ --- $QtV: 5.15.2 $
2021-07-05 11:13:33.447      7) WideQuick Remote shutdown (return code: 0) ===========================================
2021-07-08 10:01:20.685      1) WideQuick Runtime starting ===== $CompileDate: Jun  2 2021  16:15:18 $ --- $Revision: 1 $ --- $Date: 2008-09-29 09:26:05 +0200 (må, 29 sep 2008) $ --- $CompileType: RELEASE $ --- $QtV: 5.15.2 $
2021-07-08 10:04:22.366      1) WideQuick Runtime starting ===== $CompileDate: Jun  2 2021  16:15:18 $ --- $Revision: 1 $ --- $Date: 2008-09-29 09:26:05 +0200 (må, 29 sep 2008) $ --- $CompileType: RELEASE $ --- $QtV: 5.15.2 $
2021-07-08 10:04:37.005      9) WideQuick Remote shutdown (return code: 0) ===========================================
2021-07-08 10:04:37.917      8) WideQuick Remote shutdown (return code: 0) ===========================================
2021-07-08 13:38:05.161      1) WideQuick Runtime starting ===== $CompileDate: Jun  2 2021  16:15:18 $ --- $Revision: 1 $ --- $Date: 2008-09-29 09:26:05 +0200 (må, 29 sep 2008) $ --- $CompileType: RELEASE $ --- $QtV: 5.15.2 $
2021-07-08 13:40:07.834     27) WideQuick Remote shutdown (return code: 0) ===========================================
2021-07-08 16:38:55.090      1) WideQuick Runtime starting ===== $CompileDate: Jun  2 2021  16:15:18 $ --- $Revision: 1 $ --- $Date: 2008-09-29 09:26:05 +0200 (må, 29 sep 2008) $ --- $CompileType: RELEASE $ --- $QtV: 5.15.2 $
2021-07-08 16:39:07.635     14) WideQuick Remote shutdown (return code: 0) ===========================================
2021-07-08 16:39:35.497      1) WideQuick Runtime starting ===== $CompileDate: Jun  2 2021  16:15:18 $ --- $Revision: 1 $ --- $Date: 2008-09-29 09:26:05 +0200 (må, 29 sep 2008) $ --- $CompileType: RELEASE $ --- $QtV: 5.15.2 $
2021-07-08 16:41:58.776     15) WideQuick Remote shutdown (return code: 0) ===========================================
2021-07-08 16:42:14.507      1) WideQuick Runtime starting ===== $CompileDate: Jun  2 2021  16:15:18 $ --- $Revision: 1 $ --- $Date: 2008-09-29 09:26:05 +0200 (må, 29 sep 2008) $ --- $CompileType: RELEASE $ --- $QtV: 5.15.2 $
2021-07-08 16:47:19.961     14) WideQuick Remote shutdown (return code: 0) ===========================================
2021-07-12 09:44:44.135      1) WideQuick Runtime starting ===== $CompileDate: Jul  7 2021  14:57:06 $ --- $Revision: 1 $ --- $Date: 2008-09-29 09:26:05 +0200 (må, 29 sep 2008) $ --- $CompileType: RELEASE $ --- $QtV: 5.15.5 $
2021-07-12 09:45:07.698      8) WideQuick Remote shutdown (return code: 0) ===========================================
2021-07-12 09:45:21.631      1) WideQuick Runtime starting ===== $CompileDate: Jul  7 2021  14:57:06 $ --- $Revision: 1 $ --- $Date: 2008-09-29 09:26:05 +0200 (må, 29 sep 2008) $ --- $CompileType: RELEASE $ --- $QtV: 5.15.5 $
2021-07-12 09:45:53.202     10) WideQuick Remote shutdown (return code: 0) ===========================================
2021-07-12 09:48:40.143      1) WideQuick Runtime starting ===== $CompileDate: Jul  7 2021  14:57:06 $ --- $Revision: 1 $ --- $Date: 2008-09-29 09:26:05 +0200 (må, 29 sep 2008) $ --- $CompileType: RELEASE $ --- $QtV: 5.15.5 $
2021-07-12 09:49:13.700     13) WideQuick Remote shutdown (return code: 0) ===========================================
2021-07-12 09:50:15.461      1) WideQuick Runtime starting ===== $CompileDate: Jul  7 2021  14:57:06 $ --- $Revision: 1 $ --- $Date: 2008-09-29 09:26:05 +0200 (må, 29 sep 2008) $ --- $CompileType: RELEASE $ --- $QtV: 5.15.5 $
2021-07-12 09:50:54.037      7) WideQuick Remote shutdown (return code: 0) ===========================================
2021-07-12 09:50:56.672      1) WideQuick Runtime starting ===== $CompileDate: Jul  7 2021  14:57:06 $ --- $Revision: 1 $ --- $Date: 2008-09-29 09:26:05 +0200 (må, 29 sep 2008) $ --- $CompileType: RELEASE $ --- $QtV: 5.15.5 $
2021-07-12 09:52:16.680      1) WideQuick Runtime starting ===== $CompileDate: Jul  7 2021  14:57:06 $ --- $Revision: 1 $ --- $Date: 2008-09-29 09:26:05 +0200 (må, 29 sep 2008) $ --- $CompileType: RELEASE $ --- $QtV: 5.15.5 $
2021-07-12 09:52:30.231      5) WideQuick Remote shutdown (return code: 0) ===========================================
2021-07-12 09:52:30.332      5) WideQuick Remote shutdown (return code: 0) ===========================================
2021-07-12 09:57:45.854      1) WideQuick Runtime starting ===== $CompileDate: Jul  7 2021  14:57:06 $ --- $Revision: 1 $ --- $Date: 2008-09-29 09:26:05 +0200 (må, 29 sep 2008) $ --- $CompileType: RELEASE $ --- $QtV: 5.15.5 $
2021-07-12 09:58:17.423      5) WideQuick Remote shutdown (return code: 0) ===========================================
2021-07-12 10:00:50.236      1) WideQuick Runtime starting ===== $CompileDate: Jul  7 2021  14:57:06 $ --- $Revision: 1 $ --- $Date: 2008-09-29 09:26:05 +0200 (må, 29 sep 2008) $ --- $CompileType: RELEASE $ --- $QtV: 5.15.5 $
2021-07-12 10:01:03.274      7) WideQuick Remote shutdown (return code: 0) ===========================================
2021-07-12 10:04:26.584      1) WideQuick Runtime starting ===== $CompileDate: Jul  7 2021  14:57:06 $ --- $Revision: 1 $ --- $Date: 2008-09-29 09:26:05 +0200 (må, 29 sep 2008) $ --- $CompileType: RELEASE $ --- $QtV: 5.15.5 $
2021-07-12 10:04:30.281      4) CAlarmBase::InitAlarms - No IP-address found in remote systems definition file!
2021-07-12 10:04:42.631     14) WideQuick Remote shutdown (return code: 0) ===========================================
2021-07-12 10:05:18.779      1) WideQuick Runtime starting ===== $CompileDate: Jul  7 2021  14:57:06 $ --- $Revision: 1 $ --- $Date: 2008-09-29 09:26:05 +0200 (må, 29 sep 2008) $ --- $CompileType: RELEASE $ --- $QtV: 5.15.5 $
2021-07-12 10:05:22.014      4) CAlarmBase::InitAlarms - No IP-address found in remote systems definition file!
2021-07-12 10:05:33.342     14) WideQuick Remote shutdown (return code: 0) ===========================================
2021-07-12 10:09:44.260      1) WideQuick Runtime starting ===== $CompileDate: Jul  7 2021  14:57:06 $ --- $Revision: 1 $ --- $Date: 2008-09-29 09:26:05 +0200 (må, 29 sep 2008) $ --- $CompileType: RELEASE $ --- $QtV: 5.15.5 $
2021-07-12 10:09:48.164      4) CAlarmBase::InitAlarms - No IP-address found in remote systems definition file!
2021-07-12 10:10:35.525     20) WideQuick Remote shutdown (return code: 0) ===========================================
2021-07-12 10:11:54.385      1) WideQuick Runtime starting ===== $CompileDate: Jul  7 2021  14:57:06 $ --- $Revision: 1 $ --- $Date: 2008-09-29 09:26:05 +0200 (må, 29 sep 2008) $ --- $CompileType: RELEASE $ --- $QtV: 5.15.5 $
2021-07-12 10:11:56.677      4) CAlarmBase::InitAlarms - No IP-address found in remote systems definition file!
2021-07-12 10:12:07.453     18) WideQuick Remote shutdown (return code: 0) ===========================================
2021-07-12 10:14:35.777      1) WideQuick Runtime starting ===== $CompileDate: Jul  7 2021  14:57:06 $ --- $Revision: 1 $ --- $Date: 2008-09-29 09:26:05 +0200 (må, 29 sep 2008) $ --- $CompileType: RELEASE $ --- $QtV: 5.15.5 $
2021-07-12 10:14:39.638      4) CAlarmBase::InitAlarms - No IP-address found in remote systems definition file!
2021-07-12 10:15:41.625     16) WideQuick Remote shutdown (return code: 0) ===========================================
2021-07-12 10:15:58.342      1) WideQuick Runtime starting ===== $CompileDate: Jul  7 2021  14:57:06 $ --- $Revision: 1 $ --- $Date: 2008-09-29 09:26:05 +0200 (må, 29 sep 2008) $ --- $CompileType: RELEASE $ --- $QtV: 5.15.5 $
2021-07-12 10:16:00.867      4) CAlarmBase::InitAlarms - No IP-address found in remote systems definition file!
2021-07-12 10:16:11.405     16) WideQuick Remote shutdown (return code: 0) ===========================================
2021-07-12 10:17:07.919      1) WideQuick Runtime starting ===== $CompileDate: Jul  7 2021  14:57:06 $ --- $Revision: 1 $ --- $Date: 2008-09-29 09:26:05 +0200 (må, 29 sep 2008) $ --- $CompileType: RELEASE $ --- $QtV: 5.15.5 $
2021-07-12 10:17:10.917      4) CAlarmBase::InitAlarms - No IP-address found in remote systems definition file!
2021-07-12 10:17:27.529     18) WideQuick Remote shutdown (return code: 0) ===========================================
2021-07-12 10:17:52.134      1) WideQuick Runtime starting ===== $CompileDate: Jul  7 2021  14:57:06 $ --- $Revision: 1 $ --- $Date: 2008-09-29 09:26:05 +0200 (må, 29 sep 2008) $ --- $CompileType: RELEASE $ --- $QtV: 5.15.5 $
2021-07-12 10:17:54.451      4) CAlarmBase::InitAlarms - No IP-address found in remote systems definition file!
2021-07-12 10:18:09.719     18) WideQuick Remote shutdown (return code: 0) ===========================================
2021-07-12 10:18:30.565      1) WideQuick Runtime starting ===== $CompileDate: Jul  7 2021  14:57:06 $ --- $Revision: 1 $ --- $Date: 2008-09-29 09:26:05 +0200 (må, 29 sep 2008) $ --- $CompileType: RELEASE $ --- $QtV: 5.15.5 $
2021-07-12 10:18:33.079      4) CAlarmBase::InitAlarms - No IP-address found in remote systems definition file!
2021-07-12 10:18:44.679     18) WideQuick Remote shutdown (return code: 0) ===========================================
2021-07-12 10:20:21.759      1) WideQuick Runtime starting ===== $CompileDate: Jul  7 2021  14:57:06 $ --- $Revision: 1 $ --- $Date: 2008-09-29 09:26:05 +0200 (må, 29 sep 2008) $ --- $CompileType: RELEASE $ --- $QtV: 5.15.5 $
2021-07-12 10:20:26.300      5) WideQuick Remote shutdown (return code: 0) ===========================================
2021-07-12 10:20:34.986      1) WideQuick Runtime starting ===== $CompileDate: Jul  7 2021  14:57:06 $ --- $Revision: 1 $ --- $Date: 2008-09-29 09:26:05 +0200 (må, 29 sep 2008) $ --- $CompileType: RELEASE $ --- $QtV: 5.15.5 $
2021-07-12 10:20:37.863      4) CAlarmBase::InitAlarms - No IP-address found in remote systems definition file!
2021-07-12 10:20:48.090     18) WideQuick Remote shutdown (return code: 0) ===========================================
2021-07-12 10:31:20.996      1) WideQuick Runtime starting ===== $CompileDate: Jul  7 2021  14:57:06 $ --- $Revision: 1 $ --- $Date: 2008-09-29 09:26:05 +0200 (må, 29 sep 2008) $ --- $CompileType: RELEASE $ --- $QtV: 5.15.5 $
2021-07-12 10:31:23.621      4) CAlarmBase::InitAlarms - No IP-address found in remote systems definition file!
2021-07-12 10:33:12.259     18) WideQuick Remote shutdown (return code: 0) ===========================================
2021-07-12 10:33:23.505      1) WideQuick Runtime starting ===== $CompileDate: Jul  7 2021  14:57:06 $ --- $Revision: 1 $ --- $Date: 2008-09-29 09:26:05 +0200 (må, 29 sep 2008) $ --- $CompileType: RELEASE $ --- $QtV: 5.15.5 $
2021-07-12 10:33:26.207      4) CAlarmBase::InitAlarms - No IP-address found in remote systems definition file!
2021-07-12 10:34:25.863     19) WideQuick Remote shutdown (return code: 0) ===========================================
2021-07-12 10:34:35.193      1) WideQuick Runtime starting ===== $CompileDate: Jul  7 2021  14:57:06 $ --- $Revision: 1 $ --- $Date: 2008-09-29 09:26:05 +0200 (må, 29 sep 2008) $ --- $CompileType: RELEASE $ --- $QtV: 5.15.5 $
2021-07-12 10:34:37.685      4) CAlarmBase::InitAlarms - No IP-address found in remote systems definition file!
2021-07-12 10:35:11.825     18) WideQuick Remote shutdown (return code: 0) ===========================================
2021-07-12 10:36:02.438      1) WideQuick Runtime starting ===== $CompileDate: Jul  7 2021  14:57:06 $ --- $Revision: 1 $ --- $Date: 2008-09-29 09:26:05 +0200 (må, 29 sep 2008) $ --- $CompileType: RELEASE $ --- $QtV: 5.15.5 $
2021-07-12 10:36:05.057      4) CAlarmBase::InitAlarms - No IP-address found in remote systems definition file!
2021-07-12 10:37:56.700     18) WideQuick Remote shutdown (return code: 0) ===========================================
2021-07-12 10:38:11.544      1) WideQuick Runtime starting ===== $CompileDate: Jul  7 2021  14:57:06 $ --- $Revision: 1 $ --- $Date: 2008-09-29 09:26:05 +0200 (må, 29 sep 2008) $ --- $CompileType: RELEASE $ --- $QtV: 5.15.5 $
2021-07-12 10:38:14.797      4) CAlarmBase::InitAlarms - No IP-address found in remote systems definition file!
2021-07-12 10:38:30.598     18) WideQuick Remote shutdown (return code: 0) ===========================================
2021-07-12 10:41:18.272      1) WideQuick Runtime starting ===== $CompileDate: Jul  7 2021  14:57:06 $ --- $Revision: 1 $ --- $Date: 2008-09-29 09:26:05 +0200 (må, 29 sep 2008) $ --- $CompileType: RELEASE $ --- $QtV: 5.15.5 $
2021-07-12 10:41:20.606      4) CAlarmBase::InitAlarms - No IP-address found in remote systems definition file!
2021-07-12 10:41:39.444     16) WideQuick Remote shutdown (return code: 0) ===========================================
2021-07-12 10:42:13.821      1) WideQuick Runtime starting ===== $CompileDate: Jul  7 2021  14:57:06 $ --- $Revision: 1 $ --- $Date: 2008-09-29 09:26:05 +0200 (må, 29 sep 2008) $ --- $CompileType: RELEASE $ --- $QtV: 5.15.5 $
2021-07-12 10:42:16.059      4) CAlarmBase::InitAlarms - No IP-address found in remote systems definition file!
2021-07-12 10:43:14.175     16) WideQuick Remote shutdown (return code: 0) ===========================================
2021-07-12 10:43:35.280      1) WideQuick Runtime starting ===== $CompileDate: Jul  7 2021  14:57:06 $ --- $Revision: 1 $ --- $Date: 2008-09-29 09:26:05 +0200 (må, 29 sep 2008) $ --- $CompileType: RELEASE $ --- $QtV: 5.15.5 $
2021-07-12 10:43:37.515      4) CAlarmBase::InitAlarms - No IP-address found in remote systems definition file!
2021-07-12 10:43:49.345     16) WideQuick Remote shutdown (return code: 0) ===========================================
2021-07-12 10:50:05.873      1) WideQuick Runtime starting ===== $CompileDate: Jul  7 2021  14:57:06 $ --- $Revision: 1 $ --- $Date: 2008-09-29 09:26:05 +0200 (må, 29 sep 2008) $ --- $CompileType: RELEASE $ --- $QtV: 5.15.5 $
2021-07-12 10:50:08.757      4) CAlarmBase::InitAlarms - No IP-address found in remote systems definition file!
2021-07-12 10:50:37.670     13) CAlarmBase::InitAlarms - No IP-address found in remote systems definition file!
2021-07-12 10:51:02.012     26) WideQuick Remote shutdown (return code: 0) ===========================================
2021-07-12 10:51:21.893      1) WideQuick Runtime starting ===== $CompileDate: Jul  7 2021  14:57:06 $ --- $Revision: 1 $ --- $Date: 2008-09-29 09:26:05 +0200 (må, 29 sep 2008) $ --- $CompileType: RELEASE $ --- $QtV: 5.15.5 $
2021-07-12 10:51:24.407      4) CAlarmBase::InitAlarms - No IP-address found in remote systems definition file!
2021-07-12 10:51:54.543     15) CAlarmBase::InitAlarms - No IP-address found in remote systems definition file!
2021-07-12 10:55:57.671     29) WideQuick Remote shutdown (return code: 0) ===========================================
2021-07-14 22:31:11.545      1) WideQuick Runtime starting ===== $CompileDate: Jul  7 2021  14:57:06 $ --- $Revision: 1 $ --- $Date: 2008-09-29 09:26:05 +0200 (må, 29 sep 2008) $ --- $CompileType: RELEASE $ --- $QtV: 5.15.5 $
2021-07-14 22:31:25.667      5) WideQuick Remote shutdown (return code: 0) ===========================================
2021-07-14 22:32:21.120      1) WideQuick Runtime starting ===== $CompileDate: Jul  7 2021  14:57:06 $ --- $Revision: 1 $ --- $Date: 2008-09-29 09:26:05 +0200 (må, 29 sep 2008) $ --- $CompileType: RELEASE $ --- $QtV: 5.15.5 $
2021-07-14 22:33:02.692     14) WideQuick Remote shutdown (return code: 0) ===========================================
2021-07-14 22:34:04.851      1) WideQuick Runtime starting ===== $CompileDate: Jul  7 2021  14:57:06 $ --- $Revision: 1 $ --- $Date: 2008-09-29 09:26:05 +0200 (må, 29 sep 2008) $ --- $CompileType: RELEASE $ --- $QtV: 5.15.5 $
2021-07-14 22:34:28.411     14) WideQuick Remote shutdown (return code: 0) ===========================================
2021-07-14 22:39:15.874      1) WideQuick Runtime starting ===== $CompileDate: Jul  7 2021  14:57:06 $ --- $Revision: 1 $ --- $Date: 2008-09-29 09:26:05 +0200 (må, 29 sep 2008) $ --- $CompileType: RELEASE $ --- $QtV: 5.15.5 $
2021-07-14 22:39:32.912     14) WideQuick Remote shutdown (return code: 0) ===========================================
2021-07-14 22:48:37.731      1) WideQuick Runtime starting ===== $CompileDate: Jul  7 2021  14:57:06 $ --- $Revision: 1 $ --- $Date: 2008-09-29 09:26:05 +0200 (må, 29 sep 2008) $ --- $CompileType: RELEASE $ --- $QtV: 5.15.5 $
2021-07-14 22:48:47.762     14) WideQuick Remote shutdown (return code: 0) ===========================================
2021-07-14 22:49:01.379      1) WideQuick Runtime starting ===== $CompileDate: Jul  7 2021  14:57:06 $ --- $Revision: 1 $ --- $Date: 2008-09-29 09:26:05 +0200 (må, 29 sep 2008) $ --- $CompileType: RELEASE $ --- $QtV: 5.15.5 $
2021-07-14 22:49:30.956     14) WideQuick Remote shutdown (return code: 0) ===========================================
2021-07-14 23:52:44.980      1) WideQuick Runtime starting ===== $CompileDate: Jul  7 2021  14:57:06 $ --- $Revision: 1 $ --- $Date: 2008-09-29 09:26:05 +0200 (må, 29 sep 2008) $ --- $CompileType: RELEASE $ --- $QtV: 5.15.5 $
2021-07-14 23:53:20.628      8) WideQuick Remote shutdown (return code: 0) ===========================================
